<?xml version="1.0" encoding="UTF-8"?>
<!-- Generated by org.testng.reporters.JUnitXMLReporter -->
<testsuite ignored="0" hostname="KRISH117" failures="4" tests="16" name="Sanity Tests" time="1109.95" errors="0" timestamp="2024-09-26T14:19:57 IST">
  <testcase classname="sanity.bateel.SanityBateelCart" name="testBateeladdtocartitem" time="104.245"/>
  <testcase classname="sanity.bateel.SanityBateelFootersection" name="FooterPrivacypolicylink" time="31.575"/>
  <testcase classname="sanity.bateel.SanityBateelFootersection" name="FooterTermsandconditionslink" time="35.914">
    <failure type="java.lang.AssertionError" message="Terms and conditions page title is not proper expected [Terms &amp;amp; Conditions | Bateel] but found [Luxury Gourmet Dates &amp;amp; Gift Boxes | Organic Dates | Bateel]">
      <![CDATA[java.lang.AssertionError: Terms and conditions page title is not proper expected [Terms & Conditions | Bateel] but found [Luxury Gourmet Dates & Gift Boxes | Organic Dates | Bateel]
at page.bateel.BateelFooter.footertermsandconditionslinkcheck(BateelFooter.java:159)
at sanity.bateel.SanityBateelFootersection.FooterTermsandconditionslink(SanityBateelFootersection.java:129)
at java.base/java.util.ArrayList.forEach(ArrayList.java:1511)
... Removed 32 stack frames]]>
    </failure>
  </testcase> <!-- FooterTermsandconditionslink -->
  <testcase classname="sanity.bateel.SanityBateelFootersection" name="Footercmslinks" time="88.569"/>
  <testcase classname="sanity.bateel.SanityBateelFootersection" name="Footerlogo" time="19.711"/>
  <testcase classname="sanity.bateel.SanityBateelFootersection" name="FootersocialmediaFacebook" time="47.966"/>
  <testcase classname="sanity.bateel.SanityBateelFootersection" name="FootersocialmediaLinkedin" time="44.672"/>
  <testcase classname="sanity.bateel.SanityBateelFootersection" name="FootersocialmediaTwitter" time="46.29"/>
  <testcase classname="sanity.bateel.SanityBateelFootersection" name="FootersocialmediaYoutube" time="44.991">
    <failure type="java.lang.AssertionError" message="Youtube page title missmatch expected [Bateel International - YouTube] but found [Privacy error]">
      <![CDATA[java.lang.AssertionError: Youtube page title missmatch expected [Bateel International - YouTube] but found [Privacy error]
at page.bateel.BateelFooter.footeryoutubelinkcheck(BateelFooter.java:145)
at sanity.bateel.SanityBateelFootersection.FootersocialmediaYoutube(SanityBateelFootersection.java:114)
at java.base/java.util.ArrayList.forEach(ArrayList.java:1511)
... Removed 32 stack frames]]>
    </failure>
  </testcase> <!-- FootersocialmediaYoutube -->
  <testcase classname="sanity.bateel.SanityBateelFootersection" name="Footersocialmediainstagram" time="53.772"/>
  <testcase classname="sanity.bateel.SanityBateelGuestCheckout" name="testguestcheckout" time="180.015"/>
  <testcase classname="sanity.bateel.SanityBateelLoginAndNavigationTest" name="testBateelShopCategoryNavigation" time="31.743"/>
  <testcase classname="sanity.bateel.SanityBateelLogincheckout" name="testBateeladdtocartitemloginuser" time="160.015">
    <failure type="org.openqa.selenium.TimeoutException" message="Expected condition failed: waiting for visibility of element located by By.xpath: //*[@id=&amp;quot;checkout-payment-method-load&amp;quot;]/div/div/div[2]/div[2]/div[4]/div/button (tried for 30 second(s) with 500 milliseconds interval)">
      <![CDATA[org.openqa.selenium.TimeoutException: Expected condition failed: waiting for visibility of element located by By.xpath: //*[@id="checkout-payment-method-load"]/div/div/div[2]/div[2]/div[4]/div/button (tried for 30 second(s) with 500 milliseconds interval)
at org.openqa.selenium.support.ui.WebDriverWait.timeoutException(WebDriverWait.java:95)
at org.openqa.selenium.support.ui.FluentWait.until(FluentWait.java:272)
at common.UtilitiesCommon.waitForElementIsVisible(UtilitiesCommon.java:874)
at common.UtilitiesCommon.getElement(UtilitiesCommon.java:638)
at common.UtilitiesCommon.click(UtilitiesCommon.java:762)
at page.bateel.BateelLoginCheckoutPage.clickPlaceOrderButtonWithLogin(BateelLoginCheckoutPage.java:72)
at sanity.bateel.SanityBateelLogincheckout.testBateeladdtocartitemloginuser(SanityBateelLogincheckout.java:44)
at java.base/java.util.ArrayList.forEach(ArrayList.java:1511)
Caused by: org.openqa.selenium.NoSuchElementException: no such element: Unable to locate element: {"method":"xpath","selector":"//*[@id="checkout-payment-method-load"]/div/div/div[2]/div[2]/div[4]/div/button"}
  (Session info: chrome=129.0.6668.70)
For documentation on this error, please visit: https://www.seleniumhq.org/exceptions/no_such_element.html
Build info: version: '3.141.59', revision: 'e82be7d358', time: '2018-11-14T08:17:03'
System info: host: 'KRISH117', ip: '10.16.16.96', os.name: 'Windows 10', os.arch: 'amd64', os.version: '10.0', java.version: '17.0.10'
Driver info: org.openqa.selenium.chrome.ChromeDriver
Capabilities {acceptInsecureCerts: false, browserName: chrome, browserVersion: 129.0.6668.70, chrome: {chromedriverVersion: 129.0.6668.70 (df87d5cf12b1..., userDataDir: C:\Users\KASHYA~1.DAV\AppDa...}, fedcm:accounts: true, goog:chromeOptions: {debuggerAddress: localhost:64429}, javascriptEnabled: true, networkConnectionEnabled: false, pageLoadStrategy: normal, platform: WINDOWS, platformName: WINDOWS, proxy: Proxy(), setWindowRect: true, strictFileInteractability: false, timeouts: {implicit: 0, pageLoad: 300000, script: 30000}, unhandledPromptBehavior: dismiss and notify, webauthn:extension:credBlob: true, webauthn:extension:largeBlob: true, webauthn:extension:minPinLength: true, webauthn:extension:prf: true, webauthn:virtualAuthenticators: true}
Session ID: e082e93bb9f4a505acd0ca2715792150
*** Element info: {Using=xpath, value=//*[@id="checkout-payment-method-load"]/div/div/div[2]/div[2]/div[4]/div/button}
at org.openqa.selenium.remote.http.W3CHttpResponseCodec.createException(W3CHttpResponseCodec.java:187)
at org.openqa.selenium.remote.http.W3CHttpResponseCodec.decode(W3CHttpResponseCodec.java:122)
at org.openqa.selenium.remote.http.W3CHttpResponseCodec.decode(W3CHttpResponseCodec.java:49)
at org.openqa.selenium.remote.HttpCommandExecutor.execute(HttpCommandExecutor.java:158)
at org.openqa.selenium.remote.service.DriverCommandExecutor.execute(DriverCommandExecutor.java:83)
at org.openqa.selenium.remote.RemoteWebDriver.execute(RemoteWebDriver.java:552)
at org.openqa.selenium.remote.RemoteWebDriver.findElement(RemoteWebDriver.java:323)
at org.openqa.selenium.remote.RemoteWebDriver.findElementByXPath(RemoteWebDriver.java:428)
at org.openqa.selenium.By$ByXPath.findElement(By.java:353)
at org.openqa.selenium.remote.RemoteWebDriver.findElement(RemoteWebDriver.java:315)
at org.openqa.selenium.support.ui.ExpectedConditions$7.apply(ExpectedConditions.java:205)
at org.openqa.selenium.support.ui.ExpectedConditions$7.apply(ExpectedConditions.java:201)
at org.openqa.selenium.support.ui.FluentWait.until(FluentWait.java:249)
... 33 more
... Removed 31 stack frames]]>
    </failure>
  </testcase> <!-- testBateeladdtocartitemloginuser -->
  <testcase classname="sanity.bateel.SanityBateelMainNavigationmenu" name="mainmenu" time="119.636">
    <failure type="org.openqa.selenium.ElementClickInterceptedException" message="element click intercepted: Element is not clickable at point (321, 602)
  (Session info: chrome=129.0.6668.70)
Build info: version: &amp;apos;3.141.59&amp;apos;, revision: &amp;apos;e82be7d358&amp;apos;, time: &amp;apos;2018-11-14T08:17:03&amp;apos;
System info: host: &amp;apos;KRISH117&amp;apos;, ip: &amp;apos;10.16.16.96&amp;apos;, os.name: &amp;apos;Windows 10&amp;apos;, os.arch: &amp;apos;amd64&amp;apos;, os.version: &amp;apos;10.0&amp;apos;, java.version: &amp;apos;17.0.10&amp;apos;
Driver info: org.openqa.selenium.chrome.ChromeDriver
Capabilities {acceptInsecureCerts: false, browserName: chrome, browserVersion: 129.0.6668.70, chrome: {chromedriverVersion: 129.0.6668.70 (df87d5cf12b1..., userDataDir: C:\Users\KASHYA~1.DAV\AppDa...}, fedcm:accounts: true, goog:chromeOptions: {debuggerAddress: localhost:64654}, javascriptEnabled: true, networkConnectionEnabled: false, pageLoadStrategy: normal, platform: WINDOWS, platformName: WINDOWS, proxy: Proxy(), setWindowRect: true, strictFileInteractability: false, timeouts: {implicit: 0, pageLoad: 300000, script: 30000}, unhandledPromptBehavior: dismiss and notify, webauthn:extension:credBlob: true, webauthn:extension:largeBlob: true, webauthn:extension:minPinLength: true, webauthn:extension:prf: true, webauthn:virtualAuthenticators: true}
Session ID: 8e6cf5c549fa22d9aff945eeffcf490b">
      <![CDATA[org.openqa.selenium.ElementClickInterceptedException: element click intercepted: Element is not clickable at point (321, 602)
  (Session info: chrome=129.0.6668.70)
Build info: version: '3.141.59', revision: 'e82be7d358', time: '2018-11-14T08:17:03'
System info: host: 'KRISH117', ip: '10.16.16.96', os.name: 'Windows 10', os.arch: 'amd64', os.version: '10.0', java.version: '17.0.10'
Driver info: org.openqa.selenium.chrome.ChromeDriver
Capabilities {acceptInsecureCerts: false, browserName: chrome, browserVersion: 129.0.6668.70, chrome: {chromedriverVersion: 129.0.6668.70 (df87d5cf12b1..., userDataDir: C:\Users\KASHYA~1.DAV\AppDa...}, fedcm:accounts: true, goog:chromeOptions: {debuggerAddress: localhost:64654}, javascriptEnabled: true, networkConnectionEnabled: false, pageLoadStrategy: normal, platform: WINDOWS, platformName: WINDOWS, proxy: Proxy(), setWindowRect: true, strictFileInteractability: false, timeouts: {implicit: 0, pageLoad: 300000, script: 30000}, unhandledPromptBehavior: dismiss and notify, webauthn:extension:credBlob: true, webauthn:extension:largeBlob: true, webauthn:extension:minPinLength: true, webauthn:extension:prf: true, webauthn:virtualAuthenticators: true}
Session ID: 8e6cf5c549fa22d9aff945eeffcf490b
at org.openqa.selenium.remote.http.W3CHttpResponseCodec.createException(W3CHttpResponseCodec.java:187)
at org.openqa.selenium.remote.http.W3CHttpResponseCodec.decode(W3CHttpResponseCodec.java:122)
at org.openqa.selenium.remote.http.W3CHttpResponseCodec.decode(W3CHttpResponseCodec.java:49)
at org.openqa.selenium.remote.HttpCommandExecutor.execute(HttpCommandExecutor.java:158)
at org.openqa.selenium.remote.service.DriverCommandExecutor.execute(DriverCommandExecutor.java:83)
at org.openqa.selenium.remote.RemoteWebDriver.execute(RemoteWebDriver.java:552)
at org.openqa.selenium.remote.RemoteWebElement.execute(RemoteWebElement.java:285)
at org.openqa.selenium.remote.RemoteWebElement.click(RemoteWebElement.java:84)
at page.bateel.BateelHeader.Verifymenucategorylinks(BateelHeader.java:21)
at sanity.bateel.SanityBateelMainNavigationmenu.mainmenu(SanityBateelMainNavigationmenu.java:26)
at java.base/java.util.ArrayList.forEach(ArrayList.java:1511)
... Removed 32 stack frames]]>
    </failure>
  </testcase> <!-- mainmenu -->
  <testcase classname="sanity.bateel.SanityBateelProduct" name="testBateelclickproduct" time="37.346"/>
  <testcase classname="sanity.bateel.SanityBateelProductDetails" name="testBateelproductfilldetails" time="51.016"/>
</testsuite> <!-- Sanity Tests -->
