{"uuid":"1bdd8a21-cc07-4d43-8b0a-fd56407d8163","historyId":"aec3645e0d7d6a114bb3a4466552950","fullName":"sanity.bateel.SanityBateelLoginAndNavigationTest.testBateelShopCategoryNavigation","labels":[{"name":"package","value":"sanity.bateel.SanityBateelLoginAndNavigationTest"},{"name":"testClass","value":"sanity.bateel.SanityBateelLoginAndNavigationTest"},{"name":"testMethod","value":"testBateelShopCategoryNavigation"},{"name":"parentSuite","value":"Local Test Suite"},{"name":"suite","value":"Local Tests"},{"name":"subSuite","value":"sanity.bateel.SanityBateelLoginAndNavigationTest"},{"name":"host","value":"KRISH117"},{"name":"thread","value":"1908@KRISH117.main(1)"},{"name":"framework","value":"testng"},{"name":"language","value":"java"}],"links":[{"name":"49700","type":"tms"}],"name":"Bateel Shop Category Navigation","status":"broken","statusDetails":{"known":false,"muted":false,"flaky":false,"message":"element click intercepted: Element <a href=\"https://staging2.bateel.com/en_in/all-products\" class=\"level-top ui-menu-item-wrapper\" aria-haspopup=\"true\" id=\"ui-id-3\" tabindex=\"-1\" role=\"menuitem\" style=\"border: 3px solid green;\">...</a> is not clickable at point (600, 160). Other element would receive the click: <div class=\"loading-mask\" data-role=\"loader\">...</div>\n  (Session info: chrome=126.0.6478.61)\nBuild info: version: '3.141.59', revision: 'e82be7d358', time: '2018-11-14T08:17:03'\nSystem info: host: 'KRISH117', ip: '10.16.16.107', os.name: 'Windows 10', os.arch: 'amd64', os.version: '10.0', java.version: '17.0.10'\nDriver info: org.openqa.selenium.chrome.ChromeDriver\nCapabilities {acceptInsecureCerts: false, browserName: chrome, browserVersion: 126.0.6478.61, chrome: {chromedriverVersion: 126.0.6478.61 (8dc092df54ce..., userDataDir: C:\\Users\\KASHYA~1.DAV\\AppDa...}, fedcm:accounts: true, goog:chromeOptions: {debuggerAddress: localhost:49531}, javascriptEnabled: true, networkConnectionEnabled: false, pageLoadStrategy: normal, platform: WINDOWS, platformName: WINDOWS, proxy: Proxy(), setWindowRect: true, strictFileInteractability: false, timeouts: {implicit: 0, pageLoad: 300000, script: 30000}, unhandledPromptBehavior: dismiss and notify, webauthn:extension:credBlob: true, webauthn:extension:largeBlob: true, webauthn:extension:minPinLength: true, webauthn:extension:prf: true, webauthn:virtualAuthenticators: true}\nSession ID: 65764279ca30395a1700c0fef290fb44","trace":"org.openqa.selenium.ElementClickInterceptedException: element click intercepted: Element <a href=\"https://staging2.bateel.com/en_in/all-products\" class=\"level-top ui-menu-item-wrapper\" aria-haspopup=\"true\" id=\"ui-id-3\" tabindex=\"-1\" role=\"menuitem\" style=\"border: 3px solid green;\">...</a> is not clickable at point (600, 160). Other element would receive the click: <div class=\"loading-mask\" data-role=\"loader\">...</div>\n  (Session info: chrome=126.0.6478.61)\nBuild info: version: '3.141.59', revision: 'e82be7d358', time: '2018-11-14T08:17:03'\nSystem info: host: 'KRISH117', ip: '10.16.16.107', os.name: 'Windows 10', os.arch: 'amd64', os.version: '10.0', java.version: '17.0.10'\nDriver info: org.openqa.selenium.chrome.ChromeDriver\nCapabilities {acceptInsecureCerts: false, browserName: chrome, browserVersion: 126.0.6478.61, chrome: {chromedriverVersion: 126.0.6478.61 (8dc092df54ce..., userDataDir: C:\\Users\\KASHYA~1.DAV\\AppDa...}, fedcm:accounts: true, goog:chromeOptions: {debuggerAddress: localhost:49531}, javascriptEnabled: true, networkConnectionEnabled: false, pageLoadStrategy: normal, platform: WINDOWS, platformName: WINDOWS, proxy: Proxy(), setWindowRect: true, strictFileInteractability: false, timeouts: {implicit: 0, pageLoad: 300000, script: 30000}, unhandledPromptBehavior: dismiss and notify, webauthn:extension:credBlob: true, webauthn:extension:largeBlob: true, webauthn:extension:minPinLength: true, webauthn:extension:prf: true, webauthn:virtualAuthenticators: true}\nSession ID: 65764279ca30395a1700c0fef290fb44\r\n\tat java.base/jdk.internal.reflect.NativeConstructorAccessorImpl.newInstance0(Native Method)\r\n\tat java.base/jdk.internal.reflect.NativeConstructorAccessorImpl.newInstance(NativeConstructorAccessorImpl.java:77)\r\n\tat java.base/jdk.internal.reflect.DelegatingConstructorAccessorImpl.newInstance(DelegatingConstructorAccessorImpl.java:45)\r\n\tat java.base/java.lang.reflect.Constructor.newInstanceWithCaller(Constructor.java:499)\r\n\tat java.base/java.lang.reflect.Constructor.newInstance(Constructor.java:480)\r\n\tat org.openqa.selenium.remote.http.W3CHttpResponseCodec.createException(W3CHttpResponseCodec.java:187)\r\n\tat org.openqa.selenium.remote.http.W3CHttpResponseCodec.decode(W3CHttpResponseCodec.java:122)\r\n\tat org.openqa.selenium.remote.http.W3CHttpResponseCodec.decode(W3CHttpResponseCodec.java:49)\r\n\tat org.openqa.selenium.remote.HttpCommandExecutor.execute(HttpCommandExecutor.java:158)\r\n\tat org.openqa.selenium.remote.service.DriverCommandExecutor.execute(DriverCommandExecutor.java:83)\r\n\tat org.openqa.selenium.remote.RemoteWebDriver.execute(RemoteWebDriver.java:552)\r\n\tat org.openqa.selenium.remote.RemoteWebElement.execute(RemoteWebElement.java:285)\r\n\tat org.openqa.selenium.remote.RemoteWebElement.click(RemoteWebElement.java:84)\r\n\tat common.UtilitiesCommon.click(UtilitiesCommon.java:765)\r\n\tat page.bateel.BateelPage.verifyBateelShopCategory(BateelPage.java:39)\r\n\tat sanity.bateel.SanityBateelLoginAndNavigationTest.testBateelShopCategoryNavigation(SanityBateelLoginAndNavigationTest.java:25)\r\n\tat java.base/jdk.internal.reflect.NativeMethodAccessorImpl.invoke0(Native Method)\r\n\tat java.base/jdk.internal.reflect.NativeMethodAccessorImpl.invoke(NativeMethodAccessorImpl.java:77)\r\n\tat java.base/jdk.internal.reflect.DelegatingMethodAccessorImpl.invoke(DelegatingMethodAccessorImpl.java:43)\r\n\tat java.base/java.lang.reflect.Method.invoke(Method.java:568)\r\n\tat org.testng.internal.MethodInvocationHelper.invokeMethod(MethodInvocationHelper.java:133)\r\n\tat org.testng.internal.TestInvoker.invokeMethod(TestInvoker.java:598)\r\n\tat org.testng.internal.TestInvoker.invokeTestMethod(TestInvoker.java:173)\r\n\tat org.testng.internal.MethodRunner.runInSequence(MethodRunner.java:46)\r\n\tat org.testng.internal.TestInvoker$MethodInvocationAgent.invoke(TestInvoker.java:824)\r\n\tat org.testng.internal.TestInvoker.invokeTestMethods(TestInvoker.java:146)\r\n\tat org.testng.internal.TestMethodWorker.invokeTestMethods(TestMethodWorker.java:146)\r\n\tat org.testng.internal.TestMethodWorker.run(TestMethodWorker.java:128)\r\n\tat java.base/java.util.ArrayList.forEach(ArrayList.java:1511)\r\n\tat org.testng.TestRunner.privateRun(TestRunner.java:794)\r\n\tat org.testng.TestRunner.run(TestRunner.java:596)\r\n\tat org.testng.SuiteRunner.runTest(SuiteRunner.java:377)\r\n\tat org.testng.SuiteRunner.runSequentially(SuiteRunner.java:371)\r\n\tat org.testng.SuiteRunner.privateRun(SuiteRunner.java:332)\r\n\tat org.testng.SuiteRunner.run(SuiteRunner.java:276)\r\n\tat org.testng.SuiteRunnerWorker.runSuite(SuiteRunnerWorker.java:53)\r\n\tat org.testng.SuiteRunnerWorker.run(SuiteRunnerWorker.java:96)\r\n\tat org.testng.TestNG.runSuitesSequentially(TestNG.java:1212)\r\n\tat org.testng.TestNG.runSuitesLocally(TestNG.java:1134)\r\n\tat org.testng.TestNG.runSuites(TestNG.java:1063)\r\n\tat org.testng.TestNG.run(TestNG.java:1031)\r\n\tat org.testng.remote.AbstractRemoteTestNG.run(AbstractRemoteTestNG.java:115)\r\n\tat org.testng.remote.RemoteTestNG.initAndRun(RemoteTestNG.java:251)\r\n\tat org.testng.remote.RemoteTestNG.main(RemoteTestNG.java:77)\r\n"},"stage":"finished","description":"This Test is used to Verify the Navigation to the Shop Category","steps":[{"name":"LOG : chrome browser is initialized","status":"passed","stage":"finished","steps":[],"attachments":[],"parameters":[{"name":"message","value":"chrome browser is initialized"}],"start":1718613892820,"stop":1718613892824},{"name":"LOG : Initializing Web Driver for Local Execution .....","status":"passed","stage":"finished","steps":[],"attachments":[],"parameters":[{"name":"message","value":"Initializing Web Driver for Local Execution ....."}],"start":1718613895284,"stop":1718613895285},{"name":"LOG : Launching Application URL : https://staging2.bateel.com/en_in/","status":"passed","stage":"finished","steps":[],"attachments":[],"parameters":[{"name":"message","value":"Launching Application URL : https://staging2.bateel.com/en_in/"}],"start":1718613900739,"stop":1718613900740},{"name":"LOG : Waited for: 5000 ms","status":"passed","stage":"finished","steps":[],"attachments":[],"parameters":[{"name":"message","value":"Waited for: 5000 ms"}],"start":1718613918093,"stop":1718613918161},{"name":"Screen recording of Test case flow","status":"passed","stage":"finished","steps":[],"attachments":[],"parameters":[{"name":"result","value":"[TestResult name=testBateelShopCategoryNavigation status=FAILURE method=SanityBateelLoginAndNavigationTest.testBateelShopCategoryNavigation()[pri:0, instance:sanity.bateel.SanityBateelLoginAndNavigationTest@5cf87cfd] output={null}]"}],"start":1718613921377,"stop":1718613921519}],"attachments":[{"name":"testBateelShopCategoryNavigation","source":"a4199b8c-5974-4743-98cf-9a074fd114a1-attachment","type":"image/png"},{"name":"Script Recording","source":"42699571-9689-4972-9030-387fc5e8a2e2-attachment","type":"video/avi"}],"parameters":[{"name":"environment","value":"${environment}"},{"name":"defaultTimeout","value":"${defaultTimeout}"},{"name":"browser","value":"${browser}"}],"start":1718613892803,"stop":1718613922248}