{"uuid":"24ffb9e3-5672-43b5-83c8-d5647d8b4b7b","historyId":"b607a721b0d1fa7137fc90365d0bba1c","fullName":"sanity.bateel.SanityBateelCart.testBateeladdtocartitem","labels":[{"name":"package","value":"sanity.bateel.SanityBateelCart"},{"name":"testClass","value":"sanity.bateel.SanityBateelCart"},{"name":"testMethod","value":"testBateeladdtocartitem"},{"name":"parentSuite","value":"Sanity Test Suite"},{"name":"suite","value":"Sanity Tests"},{"name":"subSuite","value":"sanity.bateel.SanityBateelCart"},{"name":"host","value":"KRISH117"},{"name":"thread","value":"3308@KRISH117.main(1)"},{"name":"framework","value":"testng"},{"name":"language","value":"java"}],"links":[{"name":"49700","type":"tms"}],"name":"Bateel product add to cart","status":"broken","statusDetails":{"known":false,"muted":false,"flaky":false,"message":"Expected condition failed: waiting for visibility of element located by By.xpath: //button[contains(text(),'Go')] (tried for 30 second(s) with 500 milliseconds interval)\nBuild info: version: '3.141.59', revision: 'e82be7d358', time: '2018-11-14T08:17:03'\nSystem info: host: 'KRISH117', ip: '10.16.16.96', os.name: 'Windows 10', os.arch: 'amd64', os.version: '10.0', java.version: '17.0.10'\nDriver info: org.openqa.selenium.chrome.ChromeDriver\nCapabilities {acceptInsecureCerts: false, browserName: chrome, browserVersion: 129.0.6668.90, chrome: {chromedriverVersion: 129.0.6668.100 (cf58cba358d..., userDataDir: C:\\Users\\KASHYA~1.DAV\\AppDa...}, fedcm:accounts: true, goog:chromeOptions: {debuggerAddress: localhost:49381}, javascriptEnabled: true, networkConnectionEnabled: false, pageLoadStrategy: normal, platform: WINDOWS, platformName: WINDOWS, proxy: Proxy(), setWindowRect: true, strictFileInteractability: false, timeouts: {implicit: 0, pageLoad: 300000, script: 30000}, unhandledPromptBehavior: dismiss and notify, webauthn:extension:credBlob: true, webauthn:extension:largeBlob: true, webauthn:extension:minPinLength: true, webauthn:extension:prf: true, webauthn:virtualAuthenticators: true}\nSession ID: 90eee9b54d74465972491cc710886dc4","trace":"org.openqa.selenium.TimeoutException: Expected condition failed: waiting for visibility of element located by By.xpath: //button[contains(text(),'Go')] (tried for 30 second(s) with 500 milliseconds interval)\nBuild info: version: '3.141.59', revision: 'e82be7d358', time: '2018-11-14T08:17:03'\nSystem info: host: 'KRISH117', ip: '10.16.16.96', os.name: 'Windows 10', os.arch: 'amd64', os.version: '10.0', java.version: '17.0.10'\nDriver info: org.openqa.selenium.chrome.ChromeDriver\nCapabilities {acceptInsecureCerts: false, browserName: chrome, browserVersion: 129.0.6668.90, chrome: {chromedriverVersion: 129.0.6668.100 (cf58cba358d..., userDataDir: C:\\Users\\KASHYA~1.DAV\\AppDa...}, fedcm:accounts: true, goog:chromeOptions: {debuggerAddress: localhost:49381}, javascriptEnabled: true, networkConnectionEnabled: false, pageLoadStrategy: normal, platform: WINDOWS, platformName: WINDOWS, proxy: Proxy(), setWindowRect: true, strictFileInteractability: false, timeouts: {implicit: 0, pageLoad: 300000, script: 30000}, unhandledPromptBehavior: dismiss and notify, webauthn:extension:credBlob: true, webauthn:extension:largeBlob: true, webauthn:extension:minPinLength: true, webauthn:extension:prf: true, webauthn:virtualAuthenticators: true}\nSession ID: 90eee9b54d74465972491cc710886dc4\r\n\tat org.openqa.selenium.support.ui.WebDriverWait.timeoutException(WebDriverWait.java:95)\r\n\tat org.openqa.selenium.support.ui.FluentWait.until(FluentWait.java:272)\r\n\tat common.UtilitiesCommon.waitForElementIsVisible(UtilitiesCommon.java:881)\r\n\tat common.UtilitiesCommon.getElement(UtilitiesCommon.java:656)\r\n\tat common.UtilitiesCommon.click(UtilitiesCommon.java:774)\r\n\tat page.bateel.BateelPage.clickGoButton(BateelPage.java:74)\r\n\tat sanity.bateel.SanityBateelCart.testBateeladdtocartitem(SanityBateelCart.java:24)\r\n\tat java.base/jdk.internal.reflect.NativeMethodAccessorImpl.invoke0(Native Method)\r\n\tat java.base/jdk.internal.reflect.NativeMethodAccessorImpl.invoke(NativeMethodAccessorImpl.java:77)\r\n\tat java.base/jdk.internal.reflect.DelegatingMethodAccessorImpl.invoke(DelegatingMethodAccessorImpl.java:43)\r\n\tat java.base/java.lang.reflect.Method.invoke(Method.java:568)\r\n\tat org.testng.internal.MethodInvocationHelper.invokeMethod(MethodInvocationHelper.java:133)\r\n\tat org.testng.internal.TestInvoker.invokeMethod(TestInvoker.java:598)\r\n\tat org.testng.internal.TestInvoker.invokeTestMethod(TestInvoker.java:173)\r\n\tat org.testng.internal.MethodRunner.runInSequence(MethodRunner.java:46)\r\n\tat org.testng.internal.TestInvoker$MethodInvocationAgent.invoke(TestInvoker.java:824)\r\n\tat org.testng.internal.TestInvoker.invokeTestMethods(TestInvoker.java:146)\r\n\tat org.testng.internal.TestMethodWorker.invokeTestMethods(TestMethodWorker.java:146)\r\n\tat org.testng.internal.TestMethodWorker.run(TestMethodWorker.java:128)\r\n\tat java.base/java.util.ArrayList.forEach(ArrayList.java:1511)\r\n\tat org.testng.TestRunner.privateRun(TestRunner.java:794)\r\n\tat org.testng.TestRunner.run(TestRunner.java:596)\r\n\tat org.testng.SuiteRunner.runTest(SuiteRunner.java:377)\r\n\tat org.testng.SuiteRunner.runSequentially(SuiteRunner.java:371)\r\n\tat org.testng.SuiteRunner.privateRun(SuiteRunner.java:332)\r\n\tat org.testng.SuiteRunner.run(SuiteRunner.java:276)\r\n\tat org.testng.SuiteRunnerWorker.runSuite(SuiteRunnerWorker.java:53)\r\n\tat org.testng.SuiteRunnerWorker.run(SuiteRunnerWorker.java:96)\r\n\tat org.testng.TestNG.runSuitesSequentially(TestNG.java:1212)\r\n\tat org.testng.TestNG.runSuitesLocally(TestNG.java:1134)\r\n\tat org.testng.TestNG.runSuites(TestNG.java:1063)\r\n\tat org.testng.TestNG.run(TestNG.java:1031)\r\n\tat org.testng.remote.AbstractRemoteTestNG.run(AbstractRemoteTestNG.java:115)\r\n\tat org.testng.remote.RemoteTestNG.initAndRun(RemoteTestNG.java:251)\r\n\tat org.testng.remote.RemoteTestNG.main(RemoteTestNG.java:77)\r\n"},"stage":"finished","description":"This Test is used to add product into cart and click on checkout button","steps":[{"name":"LOG : chrome browser is initialized","status":"passed","stage":"finished","steps":[],"attachments":[],"parameters":[{"name":"message","value":"chrome browser is initialized"}],"start":1728897418325,"stop":1728897418332},{"name":"LOG : Initializing Web Driver for Local Execution .....","status":"passed","stage":"finished","steps":[],"attachments":[],"parameters":[{"name":"message","value":"Initializing Web Driver for Local Execution ....."}],"start":1728897420752,"stop":1728897420753},{"name":"LOG : Launching Application URL : https://staging2.bateel.com/en_in/","status":"passed","stage":"finished","steps":[],"attachments":[],"parameters":[{"name":"message","value":"Launching Application URL : https://staging2.bateel.com/en_in/"}],"start":1728897430998,"stop":1728897430999},{"name":"LOG : Application is launched successfully in the browser","status":"passed","stage":"finished","steps":[],"attachments":[],"parameters":[{"name":"message","value":"Application is launched successfully in the browser"}],"start":1728897438449,"stop":1728897438450},{"name":"Screen recording of Test case flow","status":"passed","stage":"finished","steps":[],"attachments":[],"parameters":[{"name":"result","value":"[TestResult name=testBateeladdtocartitem status=FAILURE method=SanityBateelCart.testBateeladdtocartitem()[pri:0, instance:sanity.bateel.SanityBateelCart@20ed3303] output={null}]"}],"start":1728897469669,"stop":1728897469683}],"attachments":[{"name":"testBateeladdtocartitem","source":"093806f7-60f9-47a4-a207-4f6e788e8b0b-attachment","type":"image/png"},{"name":"Script Recording","source":"589b10d3-c6f2-4aa8-bad3-2e399728cca9-attachment","type":"video/avi"}],"parameters":[{"name":"environment","value":"QA"},{"name":"defaultTimeout","value":"30"},{"name":"browser","value":"chrome"}],"start":1728897418310,"stop":1728897469709}