{"uuid":"635d2a75-afa3-4ba5-8af0-424d7a7ecb3f","historyId":"4b886406f07559a1c559df0453b2b838","fullName":"sanity.bateel.SanityBateelMainNavigationmenu.mainmenu","labels":[{"name":"package","value":"sanity.bateel.SanityBateelMainNavigationmenu"},{"name":"testClass","value":"sanity.bateel.SanityBateelMainNavigationmenu"},{"name":"testMethod","value":"mainmenu"},{"name":"parentSuite","value":"Sanity Test Suite"},{"name":"suite","value":"Sanity Tests"},{"name":"subSuite","value":"sanity.bateel.SanityBateelMainNavigationmenu"},{"name":"host","value":"KRISH117"},{"name":"thread","value":"23804@KRISH117.main(1)"},{"name":"framework","value":"testng"},{"name":"language","value":"java"}],"links":[],"name":" Main Navigation menu category links verification","status":"broken","statusDetails":{"known":false,"muted":false,"flaky":false,"message":"element click intercepted: Element is not clickable at point (321, 602)\n  (Session info: chrome=128.0.6613.138)\nBuild info: version: '3.141.59', revision: 'e82be7d358', time: '2018-11-14T08:17:03'\nSystem info: host: 'KRISH117', ip: '10.16.16.96', os.name: 'Windows 10', os.arch: 'amd64', os.version: '10.0', java.version: '17.0.10'\nDriver info: org.openqa.selenium.chrome.ChromeDriver\nCapabilities {acceptInsecureCerts: false, browserName: chrome, browserVersion: 128.0.6613.138, chrome: {chromedriverVersion: 128.0.6613.137 (fe621c5aa2d..., userDataDir: C:\\Users\\KASHYA~1.DAV\\AppDa...}, fedcm:accounts: true, goog:chromeOptions: {debuggerAddress: localhost:59842}, javascriptEnabled: true, networkConnectionEnabled: false, pageLoadStrategy: normal, platform: WINDOWS, platformName: WINDOWS, proxy: Proxy(), setWindowRect: true, strictFileInteractability: false, timeouts: {implicit: 0, pageLoad: 300000, script: 30000}, unhandledPromptBehavior: dismiss and notify, webauthn:extension:credBlob: true, webauthn:extension:largeBlob: true, webauthn:extension:minPinLength: true, webauthn:extension:prf: true, webauthn:virtualAuthenticators: true}\nSession ID: d4813244f5714a5fd7acdc83834fd292","trace":"org.openqa.selenium.ElementClickInterceptedException: element click intercepted: Element is not clickable at point (321, 602)\n  (Session info: chrome=128.0.6613.138)\nBuild info: version: '3.141.59', revision: 'e82be7d358', time: '2018-11-14T08:17:03'\nSystem info: host: 'KRISH117', ip: '10.16.16.96', os.name: 'Windows 10', os.arch: 'amd64', os.version: '10.0', java.version: '17.0.10'\nDriver info: org.openqa.selenium.chrome.ChromeDriver\nCapabilities {acceptInsecureCerts: false, browserName: chrome, browserVersion: 128.0.6613.138, chrome: {chromedriverVersion: 128.0.6613.137 (fe621c5aa2d..., userDataDir: C:\\Users\\KASHYA~1.DAV\\AppDa...}, fedcm:accounts: true, goog:chromeOptions: {debuggerAddress: localhost:59842}, javascriptEnabled: true, networkConnectionEnabled: false, pageLoadStrategy: normal, platform: WINDOWS, platformName: WINDOWS, proxy: Proxy(), setWindowRect: true, strictFileInteractability: false, timeouts: {implicit: 0, pageLoad: 300000, script: 30000}, unhandledPromptBehavior: dismiss and notify, webauthn:extension:credBlob: true, webauthn:extension:largeBlob: true, webauthn:extension:minPinLength: true, webauthn:extension:prf: true, webauthn:virtualAuthenticators: true}\nSession ID: d4813244f5714a5fd7acdc83834fd292\r\n\tat java.base/jdk.internal.reflect.NativeConstructorAccessorImpl.newInstance0(Native Method)\r\n\tat java.base/jdk.internal.reflect.NativeConstructorAccessorImpl.newInstance(NativeConstructorAccessorImpl.java:77)\r\n\tat java.base/jdk.internal.reflect.DelegatingConstructorAccessorImpl.newInstance(DelegatingConstructorAccessorImpl.java:45)\r\n\tat java.base/java.lang.reflect.Constructor.newInstanceWithCaller(Constructor.java:499)\r\n\tat java.base/java.lang.reflect.Constructor.newInstance(Constructor.java:480)\r\n\tat org.openqa.selenium.remote.http.W3CHttpResponseCodec.createException(W3CHttpResponseCodec.java:187)\r\n\tat org.openqa.selenium.remote.http.W3CHttpResponseCodec.decode(W3CHttpResponseCodec.java:122)\r\n\tat org.openqa.selenium.remote.http.W3CHttpResponseCodec.decode(W3CHttpResponseCodec.java:49)\r\n\tat org.openqa.selenium.remote.HttpCommandExecutor.execute(HttpCommandExecutor.java:158)\r\n\tat org.openqa.selenium.remote.service.DriverCommandExecutor.execute(DriverCommandExecutor.java:83)\r\n\tat org.openqa.selenium.remote.RemoteWebDriver.execute(RemoteWebDriver.java:552)\r\n\tat org.openqa.selenium.remote.RemoteWebElement.execute(RemoteWebElement.java:285)\r\n\tat org.openqa.selenium.remote.RemoteWebElement.click(RemoteWebElement.java:84)\r\n\tat page.bateel.BateelHeader.Verifymenucategorylinks(BateelHeader.java:21)\r\n\tat sanity.bateel.SanityBateelMainNavigationmenu.mainmenu(SanityBateelMainNavigationmenu.java:26)\r\n\tat java.base/jdk.internal.reflect.NativeMethodAccessorImpl.invoke0(Native Method)\r\n\tat java.base/jdk.internal.reflect.NativeMethodAccessorImpl.invoke(NativeMethodAccessorImpl.java:77)\r\n\tat java.base/jdk.internal.reflect.DelegatingMethodAccessorImpl.invoke(DelegatingMethodAccessorImpl.java:43)\r\n\tat java.base/java.lang.reflect.Method.invoke(Method.java:568)\r\n\tat org.testng.internal.MethodInvocationHelper.invokeMethod(MethodInvocationHelper.java:133)\r\n\tat org.testng.internal.TestInvoker.invokeMethod(TestInvoker.java:598)\r\n\tat org.testng.internal.TestInvoker.invokeTestMethod(TestInvoker.java:173)\r\n\tat org.testng.internal.MethodRunner.runInSequence(MethodRunner.java:46)\r\n\tat org.testng.internal.TestInvoker$MethodInvocationAgent.invoke(TestInvoker.java:824)\r\n\tat org.testng.internal.TestInvoker.invokeTestMethods(TestInvoker.java:146)\r\n\tat org.testng.internal.TestMethodWorker.invokeTestMethods(TestMethodWorker.java:146)\r\n\tat org.testng.internal.TestMethodWorker.run(TestMethodWorker.java:128)\r\n\tat java.base/java.util.ArrayList.forEach(ArrayList.java:1511)\r\n\tat org.testng.TestRunner.privateRun(TestRunner.java:794)\r\n\tat org.testng.TestRunner.run(TestRunner.java:596)\r\n\tat org.testng.SuiteRunner.runTest(SuiteRunner.java:377)\r\n\tat org.testng.SuiteRunner.runSequentially(SuiteRunner.java:371)\r\n\tat org.testng.SuiteRunner.privateRun(SuiteRunner.java:332)\r\n\tat org.testng.SuiteRunner.run(SuiteRunner.java:276)\r\n\tat org.testng.SuiteRunnerWorker.runSuite(SuiteRunnerWorker.java:53)\r\n\tat org.testng.SuiteRunnerWorker.run(SuiteRunnerWorker.java:96)\r\n\tat org.testng.TestNG.runSuitesSequentially(TestNG.java:1212)\r\n\tat org.testng.TestNG.runSuitesLocally(TestNG.java:1134)\r\n\tat org.testng.TestNG.runSuites(TestNG.java:1063)\r\n\tat org.testng.TestNG.run(TestNG.java:1031)\r\n\tat org.testng.remote.AbstractRemoteTestNG.run(AbstractRemoteTestNG.java:115)\r\n\tat org.testng.remote.RemoteTestNG.initAndRun(RemoteTestNG.java:251)\r\n\tat org.testng.remote.RemoteTestNG.main(RemoteTestNG.java:77)\r\n"},"stage":"finished","description":"This Test is used to Verify the Navigation to the Categories in category menu ","steps":[{"name":"LOG : chrome browser is initialized","status":"passed","stage":"finished","steps":[],"attachments":[],"parameters":[{"name":"message","value":"chrome browser is initialized"}],"start":1727083091930,"stop":1727083091930},{"name":"LOG : Initializing Web Driver for Local Execution .....","status":"passed","stage":"finished","steps":[],"attachments":[],"parameters":[{"name":"message","value":"Initializing Web Driver for Local Execution ....."}],"start":1727083094449,"stop":1727083094450},{"name":"LOG : Launching Application URL : https://staging2.bateel.com/en_in/","status":"passed","stage":"finished","steps":[],"attachments":[],"parameters":[{"name":"message","value":"Launching Application URL : https://staging2.bateel.com/en_in/"}],"start":1727083098600,"stop":1727083098601},{"name":"LOG : Application is launched successfully in the browser","status":"passed","stage":"finished","steps":[],"attachments":[],"parameters":[{"name":"message","value":"Application is launched successfully in the browser"}],"start":1727083099804,"stop":1727083099804},{"name":"LOG : User has successfully trigger the Go button","status":"passed","stage":"finished","steps":[],"attachments":[],"parameters":[{"name":"message","value":"User has successfully trigger the Go button"}],"start":1727083106555,"stop":1727083106555},{"name":"LOG : Cookies accept button clicked successfully at the footer","status":"passed","stage":"finished","steps":[],"attachments":[],"parameters":[{"name":"message","value":"Cookies accept button clicked successfully at the footer"}],"start":1727083106926,"stop":1727083106926},{"name":"LOG : Waited for: 10000 ms","status":"passed","stage":"finished","steps":[],"attachments":[],"parameters":[{"name":"message","value":"Waited for: 10000 ms"}],"start":1727083117038,"stop":1727083117038},{"name":"LOG : Mouse hover over on shop category for the highlight","status":"passed","stage":"finished","steps":[],"attachments":[],"parameters":[{"name":"message","value":"Mouse hover over on shop category for the highlight"}],"start":1727083117675,"stop":1727083117675},{"name":"LOG : Waited for: 10000 ms","status":"passed","stage":"finished","steps":[],"attachments":[],"parameters":[{"name":"message","value":"Waited for: 10000 ms"}],"start":1727083134091,"stop":1727083134092},{"name":"LOG : Waited for: 10000 ms","status":"passed","stage":"finished","steps":[],"attachments":[],"parameters":[{"name":"message","value":"Waited for: 10000 ms"}],"start":1727083149849,"stop":1727083149850},{"name":"LOG : Waited for: 10000 ms","status":"passed","stage":"finished","steps":[],"attachments":[],"parameters":[{"name":"message","value":"Waited for: 10000 ms"}],"start":1727083167120,"stop":1727083167120},{"name":"LOG : Waited for: 10000 ms","status":"passed","stage":"finished","steps":[],"attachments":[],"parameters":[{"name":"message","value":"Waited for: 10000 ms"}],"start":1727083181826,"stop":1727083181826},{"name":"LOG : Waited for: 10000 ms","status":"passed","stage":"finished","steps":[],"attachments":[],"parameters":[{"name":"message","value":"Waited for: 10000 ms"}],"start":1727083196148,"stop":1727083196148},{"name":"LOG : Waited for: 10000 ms","status":"passed","stage":"finished","steps":[],"attachments":[],"parameters":[{"name":"message","value":"Waited for: 10000 ms"}],"start":1727083210102,"stop":1727083210103},{"name":"Screen recording of Test case flow","status":"passed","stage":"finished","steps":[],"attachments":[],"parameters":[{"name":"result","value":"[TestResult name=mainmenu status=FAILURE method=SanityBateelMainNavigationmenu.mainmenu()[pri:0, instance:sanity.bateel.SanityBateelMainNavigationmenu@31ddd4a4] output={null}]"}],"start":1727083212319,"stop":1727083212480}],"attachments":[{"name":"mainmenu","source":"ead274be-e999-46e6-bfe3-99b80bdf68d2-attachment","type":"image/png"},{"name":"Script Recording","source":"a1732525-ad87-4167-a022-dcafe4f3c99d-attachment","type":"video/avi"}],"parameters":[{"name":"environment","value":"QA"},{"name":"defaultTimeout","value":"30"},{"name":"browser","value":"chrome"}],"start":1727083091930,"stop":1727083212587}