{"uuid":"be1e0cf0-e99d-497a-af91-5fd97f9f2707","historyId":"a6cdd15de682928dc046814eb427843a","fullName":"sanity.bateel.SanityBateelLiveCheckout.testBateelLiveCheckout","labels":[{"name":"package","value":"sanity.bateel.SanityBateelLiveCheckout"},{"name":"testClass","value":"sanity.bateel.SanityBateelLiveCheckout"},{"name":"testMethod","value":"testBateelLiveCheckout"},{"name":"parentSuite","value":"Default suite"},{"name":"suite","value":"Default test"},{"name":"subSuite","value":"sanity.bateel.SanityBateelLiveCheckout"},{"name":"host","value":"KRISH117"},{"name":"thread","value":"10408@KRISH117.main(1)"},{"name":"framework","value":"testng"},{"name":"language","value":"java"}],"links":[{"name":"49700","type":"tms"}],"name":"Bateel live checkout","status":"broken","statusDetails":{"known":false,"muted":false,"flaky":false,"message":"Expected condition failed: waiting for presence of element located by: By.xpath: //input[@name='cardnumber' and @placeholder='Card number'] (tried for 50 second(s) with 500 milliseconds interval)","trace":"org.openqa.selenium.TimeoutException: Expected condition failed: waiting for presence of element located by: By.xpath: //input[@name='cardnumber' and @placeholder='Card number'] (tried for 50 second(s) with 500 milliseconds interval)\r\n\tat org.openqa.selenium.support.ui.WebDriverWait.timeoutException(WebDriverWait.java:95)\r\n\tat org.openqa.selenium.support.ui.FluentWait.until(FluentWait.java:272)\r\n\tat common.UtilitiesCommon.waitForElementIsPresent(UtilitiesCommon.java:1170)\r\n\tat page.bateel.BateelLoginCheckoutPage.enterCardDetails(BateelLoginCheckoutPage.java:87)\r\n\tat sanity.bateel.SanityBateelLiveCheckout.testBateelLiveCheckout(SanityBateelLiveCheckout.java:47)\r\n\tat java.base/jdk.internal.reflect.NativeMethodAccessorImpl.invoke0(Native Method)\r\n\tat java.base/jdk.internal.reflect.NativeMethodAccessorImpl.invoke(NativeMethodAccessorImpl.java:77)\r\n\tat java.base/jdk.internal.reflect.DelegatingMethodAccessorImpl.invoke(DelegatingMethodAccessorImpl.java:43)\r\n\tat java.base/java.lang.reflect.Method.invoke(Method.java:568)\r\n\tat org.testng.internal.MethodInvocationHelper.invokeMethod(MethodInvocationHelper.java:133)\r\n\tat org.testng.internal.TestInvoker.invokeMethod(TestInvoker.java:598)\r\n\tat org.testng.internal.TestInvoker.invokeTestMethod(TestInvoker.java:173)\r\n\tat org.testng.internal.MethodRunner.runInSequence(MethodRunner.java:46)\r\n\tat org.testng.internal.TestInvoker$MethodInvocationAgent.invoke(TestInvoker.java:824)\r\n\tat org.testng.internal.TestInvoker.invokeTestMethods(TestInvoker.java:146)\r\n\tat org.testng.internal.TestMethodWorker.invokeTestMethods(TestMethodWorker.java:146)\r\n\tat org.testng.internal.TestMethodWorker.run(TestMethodWorker.java:128)\r\n\tat java.base/java.util.ArrayList.forEach(ArrayList.java:1511)\r\n\tat org.testng.TestRunner.privateRun(TestRunner.java:794)\r\n\tat org.testng.TestRunner.run(TestRunner.java:596)\r\n\tat org.testng.SuiteRunner.runTest(SuiteRunner.java:377)\r\n\tat org.testng.SuiteRunner.runSequentially(SuiteRunner.java:371)\r\n\tat org.testng.SuiteRunner.privateRun(SuiteRunner.java:332)\r\n\tat org.testng.SuiteRunner.run(SuiteRunner.java:276)\r\n\tat org.testng.SuiteRunnerWorker.runSuite(SuiteRunnerWorker.java:53)\r\n\tat org.testng.SuiteRunnerWorker.run(SuiteRunnerWorker.java:96)\r\n\tat org.testng.TestNG.runSuitesSequentially(TestNG.java:1212)\r\n\tat org.testng.TestNG.runSuitesLocally(TestNG.java:1134)\r\n\tat org.testng.TestNG.runSuites(TestNG.java:1063)\r\n\tat org.testng.TestNG.run(TestNG.java:1031)\r\n\tat org.testng.remote.AbstractRemoteTestNG.run(AbstractRemoteTestNG.java:115)\r\n\tat org.testng.remote.RemoteTestNG.initAndRun(RemoteTestNG.java:251)\r\n\tat org.testng.remote.RemoteTestNG.main(RemoteTestNG.java:77)\r\nCaused by: org.openqa.selenium.NoSuchElementException: no such element: Unable to locate element: {\"method\":\"xpath\",\"selector\":\"//input[@name='cardnumber' and @placeholder='Card number']\"}\n  (Session info: chrome=129.0.6668.59)\nFor documentation on this error, please visit: https://www.seleniumhq.org/exceptions/no_such_element.html\nBuild info: version: '3.141.59', revision: 'e82be7d358', time: '2018-11-14T08:17:03'\nSystem info: host: 'KRISH117', ip: '10.16.16.96', os.name: 'Windows 10', os.arch: 'amd64', os.version: '10.0', java.version: '17.0.10'\nDriver info: org.openqa.selenium.chrome.ChromeDriver\nCapabilities {acceptInsecureCerts: false, browserName: chrome, browserVersion: 129.0.6668.59, chrome: {chromedriverVersion: 129.0.6668.58 (81a06fb873a9..., userDataDir: C:\\Users\\KASHYA~1.DAV\\AppDa...}, fedcm:accounts: true, goog:chromeOptions: {debuggerAddress: localhost:55861}, javascriptEnabled: true, networkConnectionEnabled: false, pageLoadStrategy: normal, platform: WINDOWS, platformName: WINDOWS, proxy: Proxy(), setWindowRect: true, strictFileInteractability: false, timeouts: {implicit: 0, pageLoad: 300000, script: 30000}, unhandledPromptBehavior: dismiss and notify, webauthn:extension:credBlob: true, webauthn:extension:largeBlob: true, webauthn:extension:minPinLength: true, webauthn:extension:prf: true, webauthn:virtualAuthenticators: true}\nSession ID: 5aa83e6312e66c6a4b4afb18a5e14d40\n*** Element info: {Using=xpath, value=//input[@name='cardnumber' and @placeholder='Card number']}\r\n\tat java.base/jdk.internal.reflect.NativeConstructorAccessorImpl.newInstance0(Native Method)\r\n\tat java.base/jdk.internal.reflect.NativeConstructorAccessorImpl.newInstance(NativeConstructorAccessorImpl.java:77)\r\n\tat java.base/jdk.internal.reflect.DelegatingConstructorAccessorImpl.newInstance(DelegatingConstructorAccessorImpl.java:45)\r\n\tat java.base/java.lang.reflect.Constructor.newInstanceWithCaller(Constructor.java:499)\r\n\tat java.base/java.lang.reflect.Constructor.newInstance(Constructor.java:480)\r\n\tat org.openqa.selenium.remote.http.W3CHttpResponseCodec.createException(W3CHttpResponseCodec.java:187)\r\n\tat org.openqa.selenium.remote.http.W3CHttpResponseCodec.decode(W3CHttpResponseCodec.java:122)\r\n\tat org.openqa.selenium.remote.http.W3CHttpResponseCodec.decode(W3CHttpResponseCodec.java:49)\r\n\tat org.openqa.selenium.remote.HttpCommandExecutor.execute(HttpCommandExecutor.java:158)\r\n\tat org.openqa.selenium.remote.service.DriverCommandExecutor.execute(DriverCommandExecutor.java:83)\r\n\tat org.openqa.selenium.remote.RemoteWebDriver.execute(RemoteWebDriver.java:552)\r\n\tat org.openqa.selenium.remote.RemoteWebDriver.findElement(RemoteWebDriver.java:323)\r\n\tat org.openqa.selenium.remote.RemoteWebDriver.findElementByXPath(RemoteWebDriver.java:428)\r\n\tat org.openqa.selenium.By$ByXPath.findElement(By.java:353)\r\n\tat org.openqa.selenium.remote.RemoteWebDriver.findElement(RemoteWebDriver.java:315)\r\n\tat org.openqa.selenium.support.ui.ExpectedConditions$6.apply(ExpectedConditions.java:182)\r\n\tat org.openqa.selenium.support.ui.ExpectedConditions$6.apply(ExpectedConditions.java:179)\r\n\tat org.openqa.selenium.support.ui.FluentWait.until(FluentWait.java:249)\r\n\t... 31 more\r\n"},"stage":"finished","description":"This test is use for the live checkout customer flow with online payment","steps":[{"name":"LOG : chrome browser is initialized","status":"passed","stage":"finished","steps":[],"attachments":[],"parameters":[{"name":"message","value":"chrome browser is initialized"}],"start":1727260896005,"stop":1727260896011},{"name":"LOG : Initializing Web Driver for Local Execution .....","status":"passed","stage":"finished","steps":[],"attachments":[],"parameters":[{"name":"message","value":"Initializing Web Driver for Local Execution ....."}],"start":1727260898454,"stop":1727260898455},{"name":"LOG : Launching Application URL : https://bateel.com/en_in/","status":"passed","stage":"finished","steps":[],"attachments":[],"parameters":[{"name":"message","value":"Launching Application URL : https://bateel.com/en_in/"}],"start":1727260907958,"stop":1727260907959},{"name":"LOG : Application is launched successfully in the browser","status":"passed","stage":"finished","steps":[],"attachments":[],"parameters":[{"name":"message","value":"Application is launched successfully in the browser"}],"start":1727260915860,"stop":1727260915861},{"name":"LOG : Selected country from the list","status":"passed","stage":"finished","steps":[],"attachments":[],"parameters":[{"name":"message","value":"Selected country from the list"}],"start":1727260917027,"stop":1727260917027},{"name":"LOG : User has successfully trigger the Go button","status":"passed","stage":"finished","steps":[],"attachments":[],"parameters":[{"name":"message","value":"User has successfully trigger the Go button"}],"start":1727260917529,"stop":1727260917529},{"name":"LOG : Cookies accept button clicked successfully at the footer","status":"passed","stage":"finished","steps":[],"attachments":[],"parameters":[{"name":"message","value":"Cookies accept button clicked successfully at the footer"}],"start":1727260918168,"stop":1727260918168},{"name":"LOG : Waited for: 3000 ms","status":"passed","stage":"finished","steps":[],"attachments":[],"parameters":[{"name":"message","value":"Waited for: 3000 ms"}],"start":1727260928433,"stop":1727260928434},{"name":"LOG : Successfully clicked on 'Shop' category from the menu and opened the category page","status":"passed","stage":"finished","steps":[],"attachments":[],"parameters":[{"name":"message","value":"Successfully clicked on 'Shop' category from the menu and opened the category page"}],"start":1727260935471,"stop":1727260935476},{"name":"LOG : User has successfully clicked on the product from the PLP","status":"passed","stage":"finished","steps":[],"attachments":[],"parameters":[{"name":"message","value":"User has successfully clicked on the product from the PLP"}],"start":1727260942591,"stop":1727260942600},{"name":"LOG : Waited for: 5000 ms","status":"passed","stage":"finished","steps":[],"attachments":[],"parameters":[{"name":"message","value":"Waited for: 5000 ms"}],"start":1727260955932,"stop":1727260955934},{"name":"LOG : User has successfully verified product detail","status":"passed","stage":"finished","steps":[],"attachments":[],"parameters":[{"name":"message","value":"User has successfully verified product detail"}],"start":1727260955973,"stop":1727260955973},{"name":"LOG : Waited for: 3000 ms","status":"passed","stage":"finished","steps":[],"attachments":[],"parameters":[{"name":"message","value":"Waited for: 3000 ms"}],"start":1727260966048,"stop":1727260966048},{"name":"LOG : Waited for: 1000 ms","status":"passed","stage":"finished","steps":[],"attachments":[],"parameters":[{"name":"message","value":"Waited for: 1000 ms"}],"start":1727260977124,"stop":1727260977126},{"name":"LOG : User has successfully added a product into cart","status":"passed","stage":"finished","steps":[],"attachments":[],"parameters":[{"name":"message","value":"User has successfully added a product into cart"}],"start":1727260983136,"stop":1727260983136},{"name":"LOG : Waited for: 3000 ms","status":"passed","stage":"finished","steps":[],"attachments":[],"parameters":[{"name":"message","value":"Waited for: 3000 ms"}],"start":1727260994193,"stop":1727260994193},{"name":"LOG : Waited for: 3000 ms","status":"passed","stage":"finished","steps":[],"attachments":[],"parameters":[{"name":"message","value":"Waited for: 3000 ms"}],"start":1727261005137,"stop":1727261005144},{"name":"LOG : Updated main cart","status":"passed","stage":"finished","steps":[],"attachments":[],"parameters":[{"name":"message","value":"Updated main cart"}],"start":1727261010250,"stop":1727261010259},{"name":"LOG : Logging in with User name : shivam.rai@krishtechnolabs.com","status":"passed","stage":"finished","steps":[],"attachments":[],"parameters":[{"name":"message","value":"Logging in with User name : shivam.rai@krishtechnolabs.com"}],"start":1727261010466,"stop":1727261010467},{"name":"LOG : Waited for: 5000 ms","status":"passed","stage":"finished","steps":[],"attachments":[],"parameters":[{"name":"message","value":"Waited for: 5000 ms"}],"start":1727261022976,"stop":1727261022976},{"name":"LOG : User logged-in on the checkout","status":"passed","stage":"finished","steps":[],"attachments":[],"parameters":[{"name":"message","value":"User logged-in on the checkout"}],"start":1727261023304,"stop":1727261023305},{"name":"LOG : Waited for: 5000 ms","status":"passed","stage":"finished","steps":[],"attachments":[],"parameters":[{"name":"message","value":"Waited for: 5000 ms"}],"start":1727261033331,"stop":1727261033331},{"name":"LOG : User has successfully filled shipping address on the checkout page","status":"passed","stage":"finished","steps":[],"attachments":[],"parameters":[{"name":"message","value":"User has successfully filled shipping address on the checkout page"}],"start":1727261037582,"stop":1727261037582},{"name":"LOG : Clicked on proceed to billing button","status":"passed","stage":"finished","steps":[],"attachments":[],"parameters":[{"name":"message","value":"Clicked on proceed to billing button"}],"start":1727261081176,"stop":1727261081176},{"name":"Screen recording of Test case flow","status":"passed","stage":"finished","steps":[],"attachments":[],"parameters":[{"name":"result","value":"[TestResult name=testBateelLiveCheckout status=FAILURE method=SanityBateelLiveCheckout.testBateelLiveCheckout()[pri:0, instance:sanity.bateel.SanityBateelLiveCheckout@426e505c] output={null}]"}],"start":1727261134317,"stop":1727261134417}],"attachments":[{"name":"testBateelLiveCheckout","source":"b92d72d4-0e2d-4780-b5aa-5d5ce1f4dd85-attachment","type":"image/png"},{"name":"Script Recording","source":"e31b6a17-23ff-4857-8f1b-2017a0d556ae-attachment","type":"video/avi"}],"parameters":[],"start":1727260895991,"stop":1727261134489}