<!DOCTYPE html PUBLIC "-//W3C//DTD XHTML 1.1//EN" "https://www.w3.org/TR/xhtml11/DTD/xhtml11.dtd">
<html xmlns="https://www.w3.org/1999/xhtml">
<head>
<meta http-equiv="content-type" content="text/html; charset=UTF-8"/>
<title>TestNG Report</title>
<style type="text/css">table {margin-bottom:10px;border-collapse:collapse;empty-cells:show}th,td {border:1px solid #009;padding:.25em .5em}th {vertical-align:bottom}td {vertical-align:top}table a {font-weight:bold}.stripe td {background-color: #E6EBF9}.num {text-align:right}.passedodd td {background-color: #3F3}.passedeven td {background-color: #0A0}.skippedodd td {background-color: #DDD}.skippedeven td {background-color: #CCC}.failedodd td,.attn {background-color: #F33}.failedeven td,.stripe .attn {background-color: #D00}.stacktrace {white-space:pre;font-family:monospace}.totop {font-size:85%;text-align:center;border-bottom:2px solid #000}.invisible {display:none}</style>
</head>
<body>
<table>
<tr><th>Test</th><th># Passed</th><th># Skipped</th><th># Retried</th><th># Failed</th><th>Time (ms)</th><th>Included Groups</th><th>Excluded Groups</th></tr>
<tr><th colspan="8">Sanity Test Suite</th></tr>
<tr><td><a href="#t0">Sanity Tests</a></td><td class="num">9</td><td class="num">0</td><td class="num">0</td><td class="num attn">8</td><td class="num">2,113,587</td><td></td><td></td></tr>
</table>
<table id='summary'><thead><tr><th>Class</th><th>Method</th><th>Start</th><th>Time (ms)</th></tr></thead><tbody><tr><th colspan="4">Sanity Test Suite</th></tr></tbody><tbody id="t0"><tr><th colspan="4">Sanity Tests &#8212; failed</th></tr><tr class="failedeven"><td rowspan="1">sanity.bateel.SanityBateelCart</td><td><a href="#m0">testBateeladdtocartitem</a></td><td rowspan="1">1728897418187</td><td rowspan="1">50604</td></tr><tr class="failedodd"><td rowspan="4">sanity.bateel.SanityBateelFootersection</td><td><a href="#m1">FooterTermsandconditionslink</a></td><td rowspan="1">1728897556753</td><td rowspan="1">48722</td></tr><tr class="failedodd"><td><a href="#m2">Footercmslinks</a></td><td rowspan="1">1728897606378</td><td rowspan="1">195193</td></tr><tr class="failedodd"><td><a href="#m3">FootersocialmediaYoutube</a></td><td rowspan="1">1728898146703</td><td rowspan="1">76221</td></tr><tr class="failedodd"><td><a href="#m4">Footersocialmediainstagram</a></td><td rowspan="1">1728898223388</td><td rowspan="1">105631</td></tr><tr class="failedeven"><td rowspan="1">sanity.bateel.SanityBateelLogin</td><td><a href="#m5">customerlogintest</a></td><td rowspan="1">1728898635557</td><td rowspan="1">48280</td></tr><tr class="failedodd"><td rowspan="1">sanity.bateel.SanityBateelMainNavigationmenu</td><td><a href="#m6">mainmenu</a></td><td rowspan="1">1728899232523</td><td rowspan="1">73223</td></tr><tr class="failedeven"><td rowspan="1">sanity.bateel.SanityBateelProductDetails</td><td><a href="#m7">testBateelproductfilldetails</a></td><td rowspan="1">1728899456594</td><td rowspan="1">69930</td></tr><tr><th colspan="4">Sanity Tests &#8212; passed</th></tr><tr class="passedeven"><td rowspan="5">sanity.bateel.SanityBateelFootersection</td><td><a href="#m8">FooterPrivacypolicylink</a></td><td rowspan="1">1728897470094</td><td rowspan="1">86360</td></tr><tr class="passedeven"><td><a href="#m9">Footerlogo</a></td><td rowspan="1">1728897802705</td><td rowspan="1">25227</td></tr><tr class="passedeven"><td><a href="#m10">FootersocialmediaFacebook</a></td><td rowspan="1">1728897828046</td><td rowspan="1">89909</td></tr><tr class="passedeven"><td><a href="#m11">FootersocialmediaLinkedin</a></td><td rowspan="1">1728897918245</td><td rowspan="1">129326</td></tr><tr class="passedeven"><td><a href="#m12">FootersocialmediaTwitter</a></td><td rowspan="1">1728898048054</td><td rowspan="1">97518</td></tr><tr class="passedodd"><td rowspan="1">sanity.bateel.SanityBateelGuestCheckout</td><td><a href="#m13">testguestcheckout</a></td><td rowspan="1">1728898330519</td><td rowspan="1">303123</td></tr><tr class="passedeven"><td rowspan="1">sanity.bateel.SanityBateelLoginAndNavigationTest</td><td><a href="#m14">testBateelShopCategoryNavigation</a></td><td rowspan="1">1728898689344</td><td rowspan="1">165447</td></tr><tr class="passedodd"><td rowspan="1">sanity.bateel.SanityBateelLogincheckout</td><td><a href="#m15">testBateeladdtocartitemloginuser</a></td><td rowspan="1">1728898856800</td><td rowspan="1">373639</td></tr><tr class="passedeven"><td rowspan="1">sanity.bateel.SanityBateelProduct</td><td><a href="#m16">testBateelclickproduct</a></td><td rowspan="1">1728899314685</td><td rowspan="1">136112</td></tr></tbody>
</table>
<h2>Sanity Tests</h2><h3 id="m0">sanity.bateel.SanityBateelCart#testBateeladdtocartitem</h3><table class="result"><tr><th>Exception</th></tr><tr><td><div class="stacktrace">org.openqa.selenium.TimeoutException: Expected condition failed: waiting for visibility of element located by By.xpath: //button[contains(text(),&apos;Go&apos;)] (tried for 30 second(s) with 500 milliseconds interval)
Build info: version: &apos;3.141.59&apos;, revision: &apos;e82be7d358&apos;, time: &apos;2018-11-14T08:17:03&apos;
System info: host: &apos;KRISH117&apos;, ip: &apos;10.16.16.96&apos;, os.name: &apos;Windows 10&apos;, os.arch: &apos;amd64&apos;, os.version: &apos;10.0&apos;, java.version: &apos;17.0.10&apos;
Driver info: org.openqa.selenium.chrome.ChromeDriver
Capabilities {acceptInsecureCerts: false, browserName: chrome, browserVersion: 129.0.6668.90, chrome: {chromedriverVersion: 129.0.6668.100 (cf58cba358d..., userDataDir: C:\Users\KASHYA~1.DAV\AppDa...}, fedcm:accounts: true, goog:chromeOptions: {debuggerAddress: localhost:49381}, javascriptEnabled: true, networkConnectionEnabled: false, pageLoadStrategy: normal, platform: WINDOWS, platformName: WINDOWS, proxy: Proxy(), setWindowRect: true, strictFileInteractability: false, timeouts: {implicit: 0, pageLoad: 300000, script: 30000}, unhandledPromptBehavior: dismiss and notify, webauthn:extension:credBlob: true, webauthn:extension:largeBlob: true, webauthn:extension:minPinLength: true, webauthn:extension:prf: true, webauthn:virtualAuthenticators: true}
Session ID: 90eee9b54d74465972491cc710886dc4
	at org.openqa.selenium.support.ui.WebDriverWait.timeoutException(WebDriverWait.java:95)
	at org.openqa.selenium.support.ui.FluentWait.until(FluentWait.java:272)
	at common.UtilitiesCommon.waitForElementIsVisible(UtilitiesCommon.java:881)
	at common.UtilitiesCommon.getElement(UtilitiesCommon.java:656)
	at common.UtilitiesCommon.click(UtilitiesCommon.java:774)
	at page.bateel.BateelPage.clickGoButton(BateelPage.java:74)
	at sanity.bateel.SanityBateelCart.testBateeladdtocartitem(SanityBateelCart.java:24)
	at java.base/java.util.ArrayList.forEach(ArrayList.java:1511)
... Removed 27 stack frames</div></td></tr></table><p class="totop"><a href="#summary">back to summary</a></p>
<h3 id="m1">sanity.bateel.SanityBateelFootersection#FooterTermsandconditionslink</h3><table class="result"><tr><th>Exception</th></tr><tr><td><div class="stacktrace">org.openqa.selenium.TimeoutException: Expected condition failed: waiting for visibility of element located by By.xpath: //button[contains(text(),&apos;Go&apos;)] (tried for 30 second(s) with 500 milliseconds interval)
Build info: version: &apos;3.141.59&apos;, revision: &apos;e82be7d358&apos;, time: &apos;2018-11-14T08:17:03&apos;
System info: host: &apos;KRISH117&apos;, ip: &apos;10.16.16.96&apos;, os.name: &apos;Windows 10&apos;, os.arch: &apos;amd64&apos;, os.version: &apos;10.0&apos;, java.version: &apos;17.0.10&apos;
Driver info: org.openqa.selenium.chrome.ChromeDriver
Capabilities {acceptInsecureCerts: false, browserName: chrome, browserVersion: 129.0.6668.90, chrome: {chromedriverVersion: 129.0.6668.100 (cf58cba358d..., userDataDir: C:\Users\KASHYA~1.DAV\AppDa...}, fedcm:accounts: true, goog:chromeOptions: {debuggerAddress: localhost:49490}, javascriptEnabled: true, networkConnectionEnabled: false, pageLoadStrategy: normal, platform: WINDOWS, platformName: WINDOWS, proxy: Proxy(), setWindowRect: true, strictFileInteractability: false, timeouts: {implicit: 0, pageLoad: 300000, script: 30000}, unhandledPromptBehavior: dismiss and notify, webauthn:extension:credBlob: true, webauthn:extension:largeBlob: true, webauthn:extension:minPinLength: true, webauthn:extension:prf: true, webauthn:virtualAuthenticators: true}
Session ID: 0d3f57bb07742086681e19c083b77284
	at org.openqa.selenium.support.ui.WebDriverWait.timeoutException(WebDriverWait.java:95)
	at org.openqa.selenium.support.ui.FluentWait.until(FluentWait.java:272)
	at common.UtilitiesCommon.waitForElementIsVisible(UtilitiesCommon.java:881)
	at common.UtilitiesCommon.getElement(UtilitiesCommon.java:656)
	at common.UtilitiesCommon.click(UtilitiesCommon.java:774)
	at page.bateel.BateelPage.clickGoButton(BateelPage.java:74)
	at sanity.bateel.SanityBateelFootersection.FooterTermsandconditionslink(SanityBateelFootersection.java:125)
	at java.base/java.util.ArrayList.forEach(ArrayList.java:1511)
... Removed 27 stack frames</div></td></tr></table><p class="totop"><a href="#summary">back to summary</a></p>
<h3 id="m2">sanity.bateel.SanityBateelFootersection#Footercmslinks</h3><table class="result"><tr><th>Exception</th></tr><tr><td><div class="stacktrace">org.openqa.selenium.TimeoutException: Expected condition failed: waiting for presence of element located by: By.xpath: //*[@id=&apos;html-body&apos;]/div[1]/footer/div/div[1]/div[2]/div[1] (tried for 30 second(s) with 500 milliseconds interval)
	at org.openqa.selenium.support.ui.WebDriverWait.timeoutException(WebDriverWait.java:95)
	at org.openqa.selenium.support.ui.FluentWait.until(FluentWait.java:272)
	at common.UtilitiesCommon.waitForElementIsPresent(UtilitiesCommon.java:1156)
	at page.bateel.BateelFooter.footerCMSlinkscheck(BateelFooter.java:54)
	at sanity.bateel.SanityBateelFootersection.Footercmslinks(SanityBateelFootersection.java:24)
	at java.base/java.util.ArrayList.forEach(ArrayList.java:1511)
Caused by: org.openqa.selenium.NoSuchElementException: no such element: Unable to locate element: {&quot;method&quot;:&quot;xpath&quot;,&quot;selector&quot;:&quot;//*[@id=&apos;html-body&apos;]/div[1]/footer/div/div[1]/div[2]/div[1]&quot;}
  (Session info: chrome=129.0.6668.90)
For documentation on this error, please visit: https://www.seleniumhq.org/exceptions/no_such_element.html
Build info: version: &apos;3.141.59&apos;, revision: &apos;e82be7d358&apos;, time: &apos;2018-11-14T08:17:03&apos;
System info: host: &apos;KRISH117&apos;, ip: &apos;10.16.16.96&apos;, os.name: &apos;Windows 10&apos;, os.arch: &apos;amd64&apos;, os.version: &apos;10.0&apos;, java.version: &apos;17.0.10&apos;
Driver info: org.openqa.selenium.chrome.ChromeDriver
Capabilities {acceptInsecureCerts: false, browserName: chrome, browserVersion: 129.0.6668.90, chrome: {chromedriverVersion: 129.0.6668.100 (cf58cba358d..., userDataDir: C:\Users\KASHYA~1.DAV\AppDa...}, fedcm:accounts: true, goog:chromeOptions: {debuggerAddress: localhost:49522}, javascriptEnabled: true, networkConnectionEnabled: false, pageLoadStrategy: normal, platform: WINDOWS, platformName: WINDOWS, proxy: Proxy(), setWindowRect: true, strictFileInteractability: false, timeouts: {implicit: 0, pageLoad: 300000, script: 30000}, unhandledPromptBehavior: dismiss and notify, webauthn:extension:credBlob: true, webauthn:extension:largeBlob: true, webauthn:extension:minPinLength: true, webauthn:extension:prf: true, webauthn:virtualAuthenticators: true}
Session ID: e582b05473b73772396db630f01ba4fc
*** Element info: {Using=xpath, value=//*[@id=&apos;html-body&apos;]/div[1]/footer/div/div[1]/div[2]/div[1]}
	at org.openqa.selenium.remote.http.W3CHttpResponseCodec.createException(W3CHttpResponseCodec.java:187)
	at org.openqa.selenium.remote.http.W3CHttpResponseCodec.decode(W3CHttpResponseCodec.java:122)
	at org.openqa.selenium.remote.http.W3CHttpResponseCodec.decode(W3CHttpResponseCodec.java:49)
	at org.openqa.selenium.remote.HttpCommandExecutor.execute(HttpCommandExecutor.java:158)
	at org.openqa.selenium.remote.service.DriverCommandExecutor.execute(DriverCommandExecutor.java:83)
	at org.openqa.selenium.remote.RemoteWebDriver.execute(RemoteWebDriver.java:552)
	at org.openqa.selenium.remote.RemoteWebDriver.findElement(RemoteWebDriver.java:323)
	at org.openqa.selenium.remote.RemoteWebDriver.findElementByXPath(RemoteWebDriver.java:428)
	at org.openqa.selenium.By$ByXPath.findElement(By.java:353)
	at org.openqa.selenium.remote.RemoteWebDriver.findElement(RemoteWebDriver.java:315)
	at org.openqa.selenium.support.ui.ExpectedConditions$6.apply(ExpectedConditions.java:182)
	at org.openqa.selenium.support.ui.ExpectedConditions$6.apply(ExpectedConditions.java:179)
	at org.openqa.selenium.support.ui.FluentWait.until(FluentWait.java:249)
	... 31 more
... Removed 32 stack frames</div></td></tr></table><p class="totop"><a href="#summary">back to summary</a></p>
<h3 id="m3">sanity.bateel.SanityBateelFootersection#FootersocialmediaYoutube</h3><table class="result"><tr><th>Exception</th></tr><tr><td><div class="stacktrace">java.lang.AssertionError: Youtube page title missmatch expected [YouTube] but found [Privacy error]
	at page.bateel.BateelFooter.footeryoutubelinkcheck(BateelFooter.java:151)
	at sanity.bateel.SanityBateelFootersection.FootersocialmediaYoutube(SanityBateelFootersection.java:114)
	at java.base/java.util.ArrayList.forEach(ArrayList.java:1511)
... Removed 32 stack frames</div></td></tr></table><p class="totop"><a href="#summary">back to summary</a></p>
<h3 id="m4">sanity.bateel.SanityBateelFootersection#Footersocialmediainstagram</h3><table class="result"><tr><th>Exception</th></tr><tr><td><div class="stacktrace">java.lang.AssertionError: instagram page title missmatch expected [Login • Instagram] but found [Bateel (@bateelgourmet) • Instagram photos and videos]
	at page.bateel.BateelFooter.footerinstagramlinkcheck(BateelFooter.java:82)
	at sanity.bateel.SanityBateelFootersection.Footersocialmediainstagram(SanityBateelFootersection.java:54)
	at java.base/java.util.ArrayList.forEach(ArrayList.java:1511)
... Removed 32 stack frames</div></td></tr></table><p class="totop"><a href="#summary">back to summary</a></p>
<h3 id="m5">sanity.bateel.SanityBateelLogin#customerlogintest</h3><table class="result"><tr><th>Exception</th></tr><tr><td><div class="stacktrace">org.openqa.selenium.StaleElementReferenceException: stale element reference: stale element not found
  (Session info: chrome=129.0.6668.90)
For documentation on this error, please visit: https://www.seleniumhq.org/exceptions/stale_element_reference.html
Build info: version: &apos;3.141.59&apos;, revision: &apos;e82be7d358&apos;, time: &apos;2018-11-14T08:17:03&apos;
System info: host: &apos;KRISH117&apos;, ip: &apos;10.16.16.96&apos;, os.name: &apos;Windows 10&apos;, os.arch: &apos;amd64&apos;, os.version: &apos;10.0&apos;, java.version: &apos;17.0.10&apos;
Driver info: org.openqa.selenium.chrome.ChromeDriver
Capabilities {acceptInsecureCerts: false, browserName: chrome, browserVersion: 129.0.6668.90, chrome: {chromedriverVersion: 129.0.6668.100 (cf58cba358d..., userDataDir: C:\Users\KASHYA~1.DAV\AppDa...}, fedcm:accounts: true, goog:chromeOptions: {debuggerAddress: localhost:50473}, javascriptEnabled: true, networkConnectionEnabled: false, pageLoadStrategy: normal, platform: WINDOWS, platformName: WINDOWS, proxy: Proxy(), setWindowRect: true, strictFileInteractability: false, timeouts: {implicit: 0, pageLoad: 300000, script: 30000}, unhandledPromptBehavior: dismiss and notify, webauthn:extension:credBlob: true, webauthn:extension:largeBlob: true, webauthn:extension:minPinLength: true, webauthn:extension:prf: true, webauthn:virtualAuthenticators: true}
Session ID: b27f6b621ddf7a23d16d01f4a204b7a9
	at org.openqa.selenium.remote.http.W3CHttpResponseCodec.createException(W3CHttpResponseCodec.java:187)
	at org.openqa.selenium.remote.http.W3CHttpResponseCodec.decode(W3CHttpResponseCodec.java:122)
	at org.openqa.selenium.remote.http.W3CHttpResponseCodec.decode(W3CHttpResponseCodec.java:49)
	at org.openqa.selenium.remote.HttpCommandExecutor.execute(HttpCommandExecutor.java:158)
	at org.openqa.selenium.remote.service.DriverCommandExecutor.execute(DriverCommandExecutor.java:83)
	at org.openqa.selenium.remote.RemoteWebDriver.execute(RemoteWebDriver.java:552)
	at org.openqa.selenium.remote.RemoteWebElement.execute(RemoteWebElement.java:285)
	at org.openqa.selenium.remote.RemoteWebElement.click(RemoteWebElement.java:84)
	at page.bateel.BateelFooter.Acceptcookies(BateelFooter.java:20)
	at sanity.bateel.SanityBateelLogin.customerlogintest(SanityBateelLogin.java:27)
	at java.base/java.util.ArrayList.forEach(ArrayList.java:1511)
... Removed 32 stack frames</div></td></tr></table><p class="totop"><a href="#summary">back to summary</a></p>
<h3 id="m6">sanity.bateel.SanityBateelMainNavigationmenu#mainmenu</h3><table class="result"><tr><th>Exception</th></tr><tr><td><div class="stacktrace">org.openqa.selenium.TimeoutException: Expected condition failed: waiting for visibility of element located by By.xpath: //button[contains(text(),&apos;Go&apos;)] (tried for 30 second(s) with 500 milliseconds interval)
Build info: version: &apos;3.141.59&apos;, revision: &apos;e82be7d358&apos;, time: &apos;2018-11-14T08:17:03&apos;
System info: host: &apos;KRISH117&apos;, ip: &apos;10.16.16.96&apos;, os.name: &apos;Windows 10&apos;, os.arch: &apos;amd64&apos;, os.version: &apos;10.0&apos;, java.version: &apos;17.0.10&apos;
Driver info: org.openqa.selenium.chrome.ChromeDriver
Capabilities {acceptInsecureCerts: false, browserName: chrome, browserVersion: 129.0.6668.90, chrome: {chromedriverVersion: 129.0.6668.100 (cf58cba358d..., userDataDir: C:\Users\KASHYA~1.DAV\AppDa...}, fedcm:accounts: true, goog:chromeOptions: {debuggerAddress: localhost:50953}, javascriptEnabled: true, networkConnectionEnabled: false, pageLoadStrategy: normal, platform: WINDOWS, platformName: WINDOWS, proxy: Proxy(), setWindowRect: true, strictFileInteractability: false, timeouts: {implicit: 0, pageLoad: 300000, script: 30000}, unhandledPromptBehavior: dismiss and notify, webauthn:extension:credBlob: true, webauthn:extension:largeBlob: true, webauthn:extension:minPinLength: true, webauthn:extension:prf: true, webauthn:virtualAuthenticators: true}
Session ID: 7c769c1781b4361a85935af44f02150e
	at org.openqa.selenium.support.ui.WebDriverWait.timeoutException(WebDriverWait.java:95)
	at org.openqa.selenium.support.ui.FluentWait.until(FluentWait.java:272)
	at common.UtilitiesCommon.waitForElementIsVisible(UtilitiesCommon.java:881)
	at common.UtilitiesCommon.getElement(UtilitiesCommon.java:656)
	at common.UtilitiesCommon.click(UtilitiesCommon.java:774)
	at page.bateel.BateelPage.clickGoButton(BateelPage.java:74)
	at sanity.bateel.SanityBateelMainNavigationmenu.mainmenu(SanityBateelMainNavigationmenu.java:20)
	at java.base/java.util.ArrayList.forEach(ArrayList.java:1511)
... Removed 27 stack frames</div></td></tr></table><p class="totop"><a href="#summary">back to summary</a></p>
<h3 id="m7">sanity.bateel.SanityBateelProductDetails#testBateelproductfilldetails</h3><table class="result"><tr><th>Exception</th></tr><tr><td><div class="stacktrace">org.openqa.selenium.TimeoutException: Expected condition failed: waiting for visibility of element located by By.xpath: //button[contains(text(),&apos;Go&apos;)] (tried for 30 second(s) with 500 milliseconds interval)
Build info: version: &apos;3.141.59&apos;, revision: &apos;e82be7d358&apos;, time: &apos;2018-11-14T08:17:03&apos;
System info: host: &apos;KRISH117&apos;, ip: &apos;10.16.16.96&apos;, os.name: &apos;Windows 10&apos;, os.arch: &apos;amd64&apos;, os.version: &apos;10.0&apos;, java.version: &apos;17.0.10&apos;
Driver info: org.openqa.selenium.chrome.ChromeDriver
Capabilities {acceptInsecureCerts: false, browserName: chrome, browserVersion: 129.0.6668.90, chrome: {chromedriverVersion: 129.0.6668.100 (cf58cba358d..., userDataDir: C:\Users\KASHYA~1.DAV\AppDa...}, fedcm:accounts: true, goog:chromeOptions: {debuggerAddress: localhost:51089}, javascriptEnabled: true, networkConnectionEnabled: false, pageLoadStrategy: normal, platform: WINDOWS, platformName: WINDOWS, proxy: Proxy(), setWindowRect: true, strictFileInteractability: false, timeouts: {implicit: 0, pageLoad: 300000, script: 30000}, unhandledPromptBehavior: dismiss and notify, webauthn:extension:credBlob: true, webauthn:extension:largeBlob: true, webauthn:extension:minPinLength: true, webauthn:extension:prf: true, webauthn:virtualAuthenticators: true}
Session ID: b4e0faf7a531a4165449f3f06cfef6c6
	at org.openqa.selenium.support.ui.WebDriverWait.timeoutException(WebDriverWait.java:95)
	at org.openqa.selenium.support.ui.FluentWait.until(FluentWait.java:272)
	at common.UtilitiesCommon.waitForElementIsVisible(UtilitiesCommon.java:881)
	at common.UtilitiesCommon.getElement(UtilitiesCommon.java:656)
	at common.UtilitiesCommon.click(UtilitiesCommon.java:774)
	at page.bateel.BateelPage.clickGoButton(BateelPage.java:74)
	at sanity.bateel.SanityBateelProductDetails.testBateelproductfilldetails(SanityBateelProductDetails.java:23)
	at java.base/java.util.ArrayList.forEach(ArrayList.java:1511)
... Removed 27 stack frames</div></td></tr></table><p class="totop"><a href="#summary">back to summary</a></p>
<h3 id="m8">sanity.bateel.SanityBateelFootersection#FooterPrivacypolicylink</h3><table class="result"><tr><th class="invisible"/></tr></table><p class="totop"><a href="#summary">back to summary</a></p>
<h3 id="m9">sanity.bateel.SanityBateelFootersection#Footerlogo</h3><table class="result"><tr><th class="invisible"/></tr></table><p class="totop"><a href="#summary">back to summary</a></p>
<h3 id="m10">sanity.bateel.SanityBateelFootersection#FootersocialmediaFacebook</h3><table class="result"><tr><th class="invisible"/></tr></table><p class="totop"><a href="#summary">back to summary</a></p>
<h3 id="m11">sanity.bateel.SanityBateelFootersection#FootersocialmediaLinkedin</h3><table class="result"><tr><th class="invisible"/></tr></table><p class="totop"><a href="#summary">back to summary</a></p>
<h3 id="m12">sanity.bateel.SanityBateelFootersection#FootersocialmediaTwitter</h3><table class="result"><tr><th class="invisible"/></tr></table><p class="totop"><a href="#summary">back to summary</a></p>
<h3 id="m13">sanity.bateel.SanityBateelGuestCheckout#testguestcheckout</h3><table class="result"><tr><th class="invisible"/></tr></table><p class="totop"><a href="#summary">back to summary</a></p>
<h3 id="m14">sanity.bateel.SanityBateelLoginAndNavigationTest#testBateelShopCategoryNavigation</h3><table class="result"><tr><th class="invisible"/></tr></table><p class="totop"><a href="#summary">back to summary</a></p>
<h3 id="m15">sanity.bateel.SanityBateelLogincheckout#testBateeladdtocartitemloginuser</h3><table class="result"><tr><th class="invisible"/></tr></table><p class="totop"><a href="#summary">back to summary</a></p>
<h3 id="m16">sanity.bateel.SanityBateelProduct#testBateelclickproduct</h3><table class="result"><tr><th class="invisible"/></tr></table><p class="totop"><a href="#summary">back to summary</a></p>
</body>
</html>
