<!DOCTYPE html>

<html>
  <head>
  <meta charset='utf-8'>
  <title>TestNG reports</title>

    <link type="text/css" href="testng-reports1.css" rel="stylesheet" id="ultra" />
    <link type="text/css" href="testng-reports.css" rel="stylesheet" id="retro" disabled="false"/>
    <script type="text/javascript" src="jquery.min.js"></script>
    <script type="text/javascript" src="testng-reports.js"></script>
    <script type="text/javascript" src="https://www.google.com/jsapi"></script>
    <script type='text/javascript'>
      google.load('visualization', '1', {packages:['table']});
      google.setOnLoadCallback(drawTable);
      var suiteTableInitFunctions = new Array();
      var suiteTableData = new Array();
    </script>
    <!--
      <script type="text/javascript" src="jquery-ui/js/jquery-ui-1.8.16.custom.min.js"></script>
     -->
  </head>

  <body>
    <div class="top-banner-root">
      <span class="top-banner-title-font">Test results</span>
      <button id="button" class="button">Switch Retro Theme</button> <!-- button -->
      <br/>
      <span class="top-banner-font-1">1 suite, 8 failed tests</span>
    </div> <!-- top-banner-root -->
    <div class="navigator-root">
      <div class="navigator-suite-header">
        <span>All suites</span>
        <a href="#" title="Collapse/expand all the suites" class="collapse-all-link">
          <img src="collapseall.gif" class="collapse-all-icon">
          </img> <!-- collapse-all-icon -->
        </a> <!-- collapse-all-link -->
      </div> <!-- navigator-suite-header -->
      <div class="suite">
        <div class="rounded-window">
          <div class="suite-header light-rounded-window-top">
            <a href="#" panel-name="suite-Sanity_Test_Suite" class="navigator-link">
              <span class="suite-name border-failed">Sanity Test Suite</span>
            </a> <!-- navigator-link -->
          </div> <!-- suite-header light-rounded-window-top -->
          <div class="navigator-suite-content">
            <div class="suite-section-title">
              <span>Info</span>
            </div> <!-- suite-section-title -->
            <div class="suite-section-content">
              <ul>
                <li>
                  <a href="#" panel-name="test-xml-Sanity_Test_Suite" class="navigator-link ">
                    <span>C:\Users\kashyap.dave\eclipse-workspace\BateelKrish-1\Bateel_Automation\src\test\resources\SanityTestSuite.xml</span>
                  </a> <!-- navigator-link  -->
                </li>
                <li>
                  <a href="#" panel-name="testlist-Sanity_Test_Suite" class="navigator-link ">
                    <span class="test-stats">1 test</span>
                  </a> <!-- navigator-link  -->
                </li>
                <li>
                  <a href="#" panel-name="group-Sanity_Test_Suite" class="navigator-link ">
                    <span>0 groups</span>
                  </a> <!-- navigator-link  -->
                </li>
                <li>
                  <a href="#" panel-name="times-Sanity_Test_Suite" class="navigator-link ">
                    <span>Times</span>
                  </a> <!-- navigator-link  -->
                </li>
                <li>
                  <a href="#" panel-name="reporter-Sanity_Test_Suite" class="navigator-link ">
                    <span>Reporter output</span>
                  </a> <!-- navigator-link  -->
                </li>
                <li>
                  <a href="#" panel-name="ignored-methods-Sanity_Test_Suite" class="navigator-link ">
                    <span>Ignored methods</span>
                  </a> <!-- navigator-link  -->
                </li>
                <li>
                  <a href="#" panel-name="chronological-Sanity_Test_Suite" class="navigator-link ">
                    <span>Chronological view</span>
                  </a> <!-- navigator-link  -->
                </li>
              </ul>
            </div> <!-- suite-section-content -->
            <div class="result-section">
              <div class="suite-section-title">
                <span>Results</span>
              </div> <!-- suite-section-title -->
              <div class="suite-section-content">
                <ul>
                  <li>
                    <span class="method-stats">17 methods, 8 failed,   9 passed</span>
                  </li>
                  <li>
                    <span class="method-list-title failed">Failed methods</span>
                    <span class="show-or-hide-methods failed">
                      <a href="#" panel-name="suite-Sanity_Test_Suite" class="hide-methods failed suite-Sanity_Test_Suite"> (hide)</a> <!-- hide-methods failed suite-Sanity_Test_Suite -->
                      <a href="#" panel-name="suite-Sanity_Test_Suite" class="show-methods failed suite-Sanity_Test_Suite"> (show)</a> <!-- show-methods failed suite-Sanity_Test_Suite -->
                    </span>
                    <div class="method-list-content failed suite-Sanity_Test_Suite">
                      <span>
                        <img src="failed.png" width="3%"/>
                        <a href="#" panel-name="suite-Sanity_Test_Suite" title="sanity.bateel.SanityBateelFootersection" class="method navigator-link" hash-for-method="FooterTermsandconditionslink">FooterTermsandconditionslink</a> <!-- method navigator-link -->
                      </span>
                      <br/>
                      <span>
                        <img src="failed.png" width="3%"/>
                        <a href="#" panel-name="suite-Sanity_Test_Suite" title="sanity.bateel.SanityBateelFootersection" class="method navigator-link" hash-for-method="Footercmslinks">Footercmslinks</a> <!-- method navigator-link -->
                      </span>
                      <br/>
                      <span>
                        <img src="failed.png" width="3%"/>
                        <a href="#" panel-name="suite-Sanity_Test_Suite" title="sanity.bateel.SanityBateelFootersection" class="method navigator-link" hash-for-method="FootersocialmediaYoutube">FootersocialmediaYoutube</a> <!-- method navigator-link -->
                      </span>
                      <br/>
                      <span>
                        <img src="failed.png" width="3%"/>
                        <a href="#" panel-name="suite-Sanity_Test_Suite" title="sanity.bateel.SanityBateelFootersection" class="method navigator-link" hash-for-method="Footersocialmediainstagram">Footersocialmediainstagram</a> <!-- method navigator-link -->
                      </span>
                      <br/>
                      <span>
                        <img src="failed.png" width="3%"/>
                        <a href="#" panel-name="suite-Sanity_Test_Suite" title="sanity.bateel.SanityBateelLogin" class="method navigator-link" hash-for-method="customerlogintest">customerlogintest</a> <!-- method navigator-link -->
                      </span>
                      <br/>
                      <span>
                        <img src="failed.png" width="3%"/>
                        <a href="#" panel-name="suite-Sanity_Test_Suite" title="sanity.bateel.SanityBateelMainNavigationmenu" class="method navigator-link" hash-for-method="mainmenu">mainmenu</a> <!-- method navigator-link -->
                      </span>
                      <br/>
                      <span>
                        <img src="failed.png" width="3%"/>
                        <a href="#" panel-name="suite-Sanity_Test_Suite" title="sanity.bateel.SanityBateelCart" class="method navigator-link" hash-for-method="testBateeladdtocartitem">testBateeladdtocartitem</a> <!-- method navigator-link -->
                      </span>
                      <br/>
                      <span>
                        <img src="failed.png" width="3%"/>
                        <a href="#" panel-name="suite-Sanity_Test_Suite" title="sanity.bateel.SanityBateelProductDetails" class="method navigator-link" hash-for-method="testBateelproductfilldetails">testBateelproductfilldetails</a> <!-- method navigator-link -->
                      </span>
                      <br/>
                    </div> <!-- method-list-content failed suite-Sanity_Test_Suite -->
                  </li>
                  <li>
                    <span class="method-list-title passed">Passed methods</span>
                    <span class="show-or-hide-methods passed">
                      <a href="#" panel-name="suite-Sanity_Test_Suite" class="hide-methods passed suite-Sanity_Test_Suite"> (hide)</a> <!-- hide-methods passed suite-Sanity_Test_Suite -->
                      <a href="#" panel-name="suite-Sanity_Test_Suite" class="show-methods passed suite-Sanity_Test_Suite"> (show)</a> <!-- show-methods passed suite-Sanity_Test_Suite -->
                    </span>
                    <div class="method-list-content passed suite-Sanity_Test_Suite">
                      <span>
                        <img src="passed.png" width="3%"/>
                        <a href="#" panel-name="suite-Sanity_Test_Suite" title="sanity.bateel.SanityBateelFootersection" class="method navigator-link" hash-for-method="FooterPrivacypolicylink">FooterPrivacypolicylink</a> <!-- method navigator-link -->
                      </span>
                      <br/>
                      <span>
                        <img src="passed.png" width="3%"/>
                        <a href="#" panel-name="suite-Sanity_Test_Suite" title="sanity.bateel.SanityBateelFootersection" class="method navigator-link" hash-for-method="Footerlogo">Footerlogo</a> <!-- method navigator-link -->
                      </span>
                      <br/>
                      <span>
                        <img src="passed.png" width="3%"/>
                        <a href="#" panel-name="suite-Sanity_Test_Suite" title="sanity.bateel.SanityBateelFootersection" class="method navigator-link" hash-for-method="FootersocialmediaFacebook">FootersocialmediaFacebook</a> <!-- method navigator-link -->
                      </span>
                      <br/>
                      <span>
                        <img src="passed.png" width="3%"/>
                        <a href="#" panel-name="suite-Sanity_Test_Suite" title="sanity.bateel.SanityBateelFootersection" class="method navigator-link" hash-for-method="FootersocialmediaLinkedin">FootersocialmediaLinkedin</a> <!-- method navigator-link -->
                      </span>
                      <br/>
                      <span>
                        <img src="passed.png" width="3%"/>
                        <a href="#" panel-name="suite-Sanity_Test_Suite" title="sanity.bateel.SanityBateelFootersection" class="method navigator-link" hash-for-method="FootersocialmediaTwitter">FootersocialmediaTwitter</a> <!-- method navigator-link -->
                      </span>
                      <br/>
                      <span>
                        <img src="passed.png" width="3%"/>
                        <a href="#" panel-name="suite-Sanity_Test_Suite" title="sanity.bateel.SanityBateelLoginAndNavigationTest" class="method navigator-link" hash-for-method="testBateelShopCategoryNavigation">testBateelShopCategoryNavigation</a> <!-- method navigator-link -->
                      </span>
                      <br/>
                      <span>
                        <img src="passed.png" width="3%"/>
                        <a href="#" panel-name="suite-Sanity_Test_Suite" title="sanity.bateel.SanityBateelLogincheckout" class="method navigator-link" hash-for-method="testBateeladdtocartitemloginuser">testBateeladdtocartitemloginuser</a> <!-- method navigator-link -->
                      </span>
                      <br/>
                      <span>
                        <img src="passed.png" width="3%"/>
                        <a href="#" panel-name="suite-Sanity_Test_Suite" title="sanity.bateel.SanityBateelProduct" class="method navigator-link" hash-for-method="testBateelclickproduct">testBateelclickproduct</a> <!-- method navigator-link -->
                      </span>
                      <br/>
                      <span>
                        <img src="passed.png" width="3%"/>
                        <a href="#" panel-name="suite-Sanity_Test_Suite" title="sanity.bateel.SanityBateelGuestCheckout" class="method navigator-link" hash-for-method="testguestcheckout">testguestcheckout</a> <!-- method navigator-link -->
                      </span>
                      <br/>
                    </div> <!-- method-list-content passed suite-Sanity_Test_Suite -->
                  </li>
                </ul>
              </div> <!-- suite-section-content -->
            </div> <!-- result-section -->
          </div> <!-- navigator-suite-content -->
        </div> <!-- rounded-window -->
      </div> <!-- suite -->
    </div> <!-- navigator-root -->
    <div class="wrapper">
      <div class="main-panel-root">
        <div panel-name="suite-Sanity_Test_Suite" class="panel Sanity_Test_Suite">
          <div class="suite-Sanity_Test_Suite-class-failed">
            <div class="main-panel-header rounded-window-top">
              <img src="failed.png"/>
              <span class="class-name">sanity.bateel.SanityBateelFootersection</span>
            </div> <!-- main-panel-header rounded-window-top -->
            <div class="main-panel-content rounded-window-bottom">
              <div class="method">
                <div class="method-content">
                  <a name="FooterTermsandconditionslink">
                  </a> <!-- FooterTermsandconditionslink -->
                  <span class="method-name">FooterTermsandconditionslink</span>
                  <div class="stack-trace">org.openqa.selenium.TimeoutException: Expected condition failed: waiting for visibility of element located by By.xpath: //button[contains(text(),&apos;Go&apos;)] (tried for 30 second(s) with 500 milliseconds interval)
Build info: version: &apos;3.141.59&apos;, revision: &apos;e82be7d358&apos;, time: &apos;2018-11-14T08:17:03&apos;
System info: host: &apos;KRISH117&apos;, ip: &apos;10.16.16.96&apos;, os.name: &apos;Windows 10&apos;, os.arch: &apos;amd64&apos;, os.version: &apos;10.0&apos;, java.version: &apos;17.0.10&apos;
Driver info: org.openqa.selenium.chrome.ChromeDriver
Capabilities {acceptInsecureCerts: false, browserName: chrome, browserVersion: 129.0.6668.90, chrome: {chromedriverVersion: 129.0.6668.100 (cf58cba358d..., userDataDir: C:\Users\KASHYA~1.DAV\AppDa...}, fedcm:accounts: true, goog:chromeOptions: {debuggerAddress: localhost:49490}, javascriptEnabled: true, networkConnectionEnabled: false, pageLoadStrategy: normal, platform: WINDOWS, platformName: WINDOWS, proxy: Proxy(), setWindowRect: true, strictFileInteractability: false, timeouts: {implicit: 0, pageLoad: 300000, script: 30000}, unhandledPromptBehavior: dismiss and notify, webauthn:extension:credBlob: true, webauthn:extension:largeBlob: true, webauthn:extension:minPinLength: true, webauthn:extension:prf: true, webauthn:virtualAuthenticators: true}
Session ID: 0d3f57bb07742086681e19c083b77284
	at org.openqa.selenium.support.ui.WebDriverWait.timeoutException(WebDriverWait.java:95)
	at org.openqa.selenium.support.ui.FluentWait.until(FluentWait.java:272)
	at common.UtilitiesCommon.waitForElementIsVisible(UtilitiesCommon.java:881)
	at common.UtilitiesCommon.getElement(UtilitiesCommon.java:656)
	at common.UtilitiesCommon.click(UtilitiesCommon.java:774)
	at page.bateel.BateelPage.clickGoButton(BateelPage.java:74)
	at sanity.bateel.SanityBateelFootersection.FooterTermsandconditionslink(SanityBateelFootersection.java:125)
	at java.base/java.util.ArrayList.forEach(ArrayList.java:1511)
... Removed 27 stack frames
</div> <!-- stack-trace -->
                </div> <!-- method-content -->
              </div> <!-- method -->
              <div class="method">
                <div class="method-content">
                  <a name="Footercmslinks">
                  </a> <!-- Footercmslinks -->
                  <span class="method-name">Footercmslinks</span>
                  <div class="stack-trace">org.openqa.selenium.TimeoutException: Expected condition failed: waiting for presence of element located by: By.xpath: //*[@id=&apos;html-body&apos;]/div[1]/footer/div/div[1]/div[2]/div[1] (tried for 30 second(s) with 500 milliseconds interval)
	at org.openqa.selenium.support.ui.WebDriverWait.timeoutException(WebDriverWait.java:95)
	at org.openqa.selenium.support.ui.FluentWait.until(FluentWait.java:272)
	at common.UtilitiesCommon.waitForElementIsPresent(UtilitiesCommon.java:1156)
	at page.bateel.BateelFooter.footerCMSlinkscheck(BateelFooter.java:54)
	at sanity.bateel.SanityBateelFootersection.Footercmslinks(SanityBateelFootersection.java:24)
	at java.base/java.util.ArrayList.forEach(ArrayList.java:1511)
Caused by: org.openqa.selenium.NoSuchElementException: no such element: Unable to locate element: {&quot;method&quot;:&quot;xpath&quot;,&quot;selector&quot;:&quot;//*[@id=&apos;html-body&apos;]/div[1]/footer/div/div[1]/div[2]/div[1]&quot;}
  (Session info: chrome=129.0.6668.90)
For documentation on this error, please visit: https://www.seleniumhq.org/exceptions/no_such_element.html
Build info: version: &apos;3.141.59&apos;, revision: &apos;e82be7d358&apos;, time: &apos;2018-11-14T08:17:03&apos;
System info: host: &apos;KRISH117&apos;, ip: &apos;10.16.16.96&apos;, os.name: &apos;Windows 10&apos;, os.arch: &apos;amd64&apos;, os.version: &apos;10.0&apos;, java.version: &apos;17.0.10&apos;
Driver info: org.openqa.selenium.chrome.ChromeDriver
Capabilities {acceptInsecureCerts: false, browserName: chrome, browserVersion: 129.0.6668.90, chrome: {chromedriverVersion: 129.0.6668.100 (cf58cba358d..., userDataDir: C:\Users\KASHYA~1.DAV\AppDa...}, fedcm:accounts: true, goog:chromeOptions: {debuggerAddress: localhost:49522}, javascriptEnabled: true, networkConnectionEnabled: false, pageLoadStrategy: normal, platform: WINDOWS, platformName: WINDOWS, proxy: Proxy(), setWindowRect: true, strictFileInteractability: false, timeouts: {implicit: 0, pageLoad: 300000, script: 30000}, unhandledPromptBehavior: dismiss and notify, webauthn:extension:credBlob: true, webauthn:extension:largeBlob: true, webauthn:extension:minPinLength: true, webauthn:extension:prf: true, webauthn:virtualAuthenticators: true}
Session ID: e582b05473b73772396db630f01ba4fc
*** Element info: {Using=xpath, value=//*[@id=&apos;html-body&apos;]/div[1]/footer/div/div[1]/div[2]/div[1]}
	at org.openqa.selenium.remote.http.W3CHttpResponseCodec.createException(W3CHttpResponseCodec.java:187)
	at org.openqa.selenium.remote.http.W3CHttpResponseCodec.decode(W3CHttpResponseCodec.java:122)
	at org.openqa.selenium.remote.http.W3CHttpResponseCodec.decode(W3CHttpResponseCodec.java:49)
	at org.openqa.selenium.remote.HttpCommandExecutor.execute(HttpCommandExecutor.java:158)
	at org.openqa.selenium.remote.service.DriverCommandExecutor.execute(DriverCommandExecutor.java:83)
	at org.openqa.selenium.remote.RemoteWebDriver.execute(RemoteWebDriver.java:552)
	at org.openqa.selenium.remote.RemoteWebDriver.findElement(RemoteWebDriver.java:323)
	at org.openqa.selenium.remote.RemoteWebDriver.findElementByXPath(RemoteWebDriver.java:428)
	at org.openqa.selenium.By$ByXPath.findElement(By.java:353)
	at org.openqa.selenium.remote.RemoteWebDriver.findElement(RemoteWebDriver.java:315)
	at org.openqa.selenium.support.ui.ExpectedConditions$6.apply(ExpectedConditions.java:182)
	at org.openqa.selenium.support.ui.ExpectedConditions$6.apply(ExpectedConditions.java:179)
	at org.openqa.selenium.support.ui.FluentWait.until(FluentWait.java:249)
	... 31 more
... Removed 32 stack frames
</div> <!-- stack-trace -->
                </div> <!-- method-content -->
              </div> <!-- method -->
              <div class="method">
                <div class="method-content">
                  <a name="FootersocialmediaYoutube">
                  </a> <!-- FootersocialmediaYoutube -->
                  <span class="method-name">FootersocialmediaYoutube</span>
                  <div class="stack-trace">java.lang.AssertionError: Youtube page title missmatch expected [YouTube] but found [Privacy error]
	at page.bateel.BateelFooter.footeryoutubelinkcheck(BateelFooter.java:151)
	at sanity.bateel.SanityBateelFootersection.FootersocialmediaYoutube(SanityBateelFootersection.java:114)
	at java.base/java.util.ArrayList.forEach(ArrayList.java:1511)
... Removed 32 stack frames
</div> <!-- stack-trace -->
                </div> <!-- method-content -->
              </div> <!-- method -->
              <div class="method">
                <div class="method-content">
                  <a name="Footersocialmediainstagram">
                  </a> <!-- Footersocialmediainstagram -->
                  <span class="method-name">Footersocialmediainstagram</span>
                  <div class="stack-trace">java.lang.AssertionError: instagram page title missmatch expected [Login • Instagram] but found [Bateel (@bateelgourmet) • Instagram photos and videos]
	at page.bateel.BateelFooter.footerinstagramlinkcheck(BateelFooter.java:82)
	at sanity.bateel.SanityBateelFootersection.Footersocialmediainstagram(SanityBateelFootersection.java:54)
	at java.base/java.util.ArrayList.forEach(ArrayList.java:1511)
... Removed 32 stack frames
</div> <!-- stack-trace -->
                </div> <!-- method-content -->
              </div> <!-- method -->
            </div> <!-- main-panel-content rounded-window-bottom -->
          </div> <!-- suite-Sanity_Test_Suite-class-failed -->
          <div class="suite-Sanity_Test_Suite-class-failed">
            <div class="main-panel-header rounded-window-top">
              <img src="failed.png"/>
              <span class="class-name">sanity.bateel.SanityBateelMainNavigationmenu</span>
            </div> <!-- main-panel-header rounded-window-top -->
            <div class="main-panel-content rounded-window-bottom">
              <div class="method">
                <div class="method-content">
                  <a name="mainmenu">
                  </a> <!-- mainmenu -->
                  <span class="method-name">mainmenu</span>
                  <div class="stack-trace">org.openqa.selenium.TimeoutException: Expected condition failed: waiting for visibility of element located by By.xpath: //button[contains(text(),&apos;Go&apos;)] (tried for 30 second(s) with 500 milliseconds interval)
Build info: version: &apos;3.141.59&apos;, revision: &apos;e82be7d358&apos;, time: &apos;2018-11-14T08:17:03&apos;
System info: host: &apos;KRISH117&apos;, ip: &apos;10.16.16.96&apos;, os.name: &apos;Windows 10&apos;, os.arch: &apos;amd64&apos;, os.version: &apos;10.0&apos;, java.version: &apos;17.0.10&apos;
Driver info: org.openqa.selenium.chrome.ChromeDriver
Capabilities {acceptInsecureCerts: false, browserName: chrome, browserVersion: 129.0.6668.90, chrome: {chromedriverVersion: 129.0.6668.100 (cf58cba358d..., userDataDir: C:\Users\KASHYA~1.DAV\AppDa...}, fedcm:accounts: true, goog:chromeOptions: {debuggerAddress: localhost:50953}, javascriptEnabled: true, networkConnectionEnabled: false, pageLoadStrategy: normal, platform: WINDOWS, platformName: WINDOWS, proxy: Proxy(), setWindowRect: true, strictFileInteractability: false, timeouts: {implicit: 0, pageLoad: 300000, script: 30000}, unhandledPromptBehavior: dismiss and notify, webauthn:extension:credBlob: true, webauthn:extension:largeBlob: true, webauthn:extension:minPinLength: true, webauthn:extension:prf: true, webauthn:virtualAuthenticators: true}
Session ID: 7c769c1781b4361a85935af44f02150e
	at org.openqa.selenium.support.ui.WebDriverWait.timeoutException(WebDriverWait.java:95)
	at org.openqa.selenium.support.ui.FluentWait.until(FluentWait.java:272)
	at common.UtilitiesCommon.waitForElementIsVisible(UtilitiesCommon.java:881)
	at common.UtilitiesCommon.getElement(UtilitiesCommon.java:656)
	at common.UtilitiesCommon.click(UtilitiesCommon.java:774)
	at page.bateel.BateelPage.clickGoButton(BateelPage.java:74)
	at sanity.bateel.SanityBateelMainNavigationmenu.mainmenu(SanityBateelMainNavigationmenu.java:20)
	at java.base/java.util.ArrayList.forEach(ArrayList.java:1511)
... Removed 27 stack frames
</div> <!-- stack-trace -->
                </div> <!-- method-content -->
              </div> <!-- method -->
            </div> <!-- main-panel-content rounded-window-bottom -->
          </div> <!-- suite-Sanity_Test_Suite-class-failed -->
          <div class="suite-Sanity_Test_Suite-class-failed">
            <div class="main-panel-header rounded-window-top">
              <img src="failed.png"/>
              <span class="class-name">sanity.bateel.SanityBateelLogin</span>
            </div> <!-- main-panel-header rounded-window-top -->
            <div class="main-panel-content rounded-window-bottom">
              <div class="method">
                <div class="method-content">
                  <a name="customerlogintest">
                  </a> <!-- customerlogintest -->
                  <span class="method-name">customerlogintest</span>
                  <div class="stack-trace">org.openqa.selenium.StaleElementReferenceException: stale element reference: stale element not found
  (Session info: chrome=129.0.6668.90)
For documentation on this error, please visit: https://www.seleniumhq.org/exceptions/stale_element_reference.html
Build info: version: &apos;3.141.59&apos;, revision: &apos;e82be7d358&apos;, time: &apos;2018-11-14T08:17:03&apos;
System info: host: &apos;KRISH117&apos;, ip: &apos;10.16.16.96&apos;, os.name: &apos;Windows 10&apos;, os.arch: &apos;amd64&apos;, os.version: &apos;10.0&apos;, java.version: &apos;17.0.10&apos;
Driver info: org.openqa.selenium.chrome.ChromeDriver
Capabilities {acceptInsecureCerts: false, browserName: chrome, browserVersion: 129.0.6668.90, chrome: {chromedriverVersion: 129.0.6668.100 (cf58cba358d..., userDataDir: C:\Users\KASHYA~1.DAV\AppDa...}, fedcm:accounts: true, goog:chromeOptions: {debuggerAddress: localhost:50473}, javascriptEnabled: true, networkConnectionEnabled: false, pageLoadStrategy: normal, platform: WINDOWS, platformName: WINDOWS, proxy: Proxy(), setWindowRect: true, strictFileInteractability: false, timeouts: {implicit: 0, pageLoad: 300000, script: 30000}, unhandledPromptBehavior: dismiss and notify, webauthn:extension:credBlob: true, webauthn:extension:largeBlob: true, webauthn:extension:minPinLength: true, webauthn:extension:prf: true, webauthn:virtualAuthenticators: true}
Session ID: b27f6b621ddf7a23d16d01f4a204b7a9
	at org.openqa.selenium.remote.http.W3CHttpResponseCodec.createException(W3CHttpResponseCodec.java:187)
	at org.openqa.selenium.remote.http.W3CHttpResponseCodec.decode(W3CHttpResponseCodec.java:122)
	at org.openqa.selenium.remote.http.W3CHttpResponseCodec.decode(W3CHttpResponseCodec.java:49)
	at org.openqa.selenium.remote.HttpCommandExecutor.execute(HttpCommandExecutor.java:158)
	at org.openqa.selenium.remote.service.DriverCommandExecutor.execute(DriverCommandExecutor.java:83)
	at org.openqa.selenium.remote.RemoteWebDriver.execute(RemoteWebDriver.java:552)
	at org.openqa.selenium.remote.RemoteWebElement.execute(RemoteWebElement.java:285)
	at org.openqa.selenium.remote.RemoteWebElement.click(RemoteWebElement.java:84)
	at page.bateel.BateelFooter.Acceptcookies(BateelFooter.java:20)
	at sanity.bateel.SanityBateelLogin.customerlogintest(SanityBateelLogin.java:27)
	at java.base/java.util.ArrayList.forEach(ArrayList.java:1511)
... Removed 32 stack frames
</div> <!-- stack-trace -->
                </div> <!-- method-content -->
              </div> <!-- method -->
            </div> <!-- main-panel-content rounded-window-bottom -->
          </div> <!-- suite-Sanity_Test_Suite-class-failed -->
          <div class="suite-Sanity_Test_Suite-class-failed">
            <div class="main-panel-header rounded-window-top">
              <img src="failed.png"/>
              <span class="class-name">sanity.bateel.SanityBateelProductDetails</span>
            </div> <!-- main-panel-header rounded-window-top -->
            <div class="main-panel-content rounded-window-bottom">
              <div class="method">
                <div class="method-content">
                  <a name="testBateelproductfilldetails">
                  </a> <!-- testBateelproductfilldetails -->
                  <span class="method-name">testBateelproductfilldetails</span>
                  <div class="stack-trace">org.openqa.selenium.TimeoutException: Expected condition failed: waiting for visibility of element located by By.xpath: //button[contains(text(),&apos;Go&apos;)] (tried for 30 second(s) with 500 milliseconds interval)
Build info: version: &apos;3.141.59&apos;, revision: &apos;e82be7d358&apos;, time: &apos;2018-11-14T08:17:03&apos;
System info: host: &apos;KRISH117&apos;, ip: &apos;10.16.16.96&apos;, os.name: &apos;Windows 10&apos;, os.arch: &apos;amd64&apos;, os.version: &apos;10.0&apos;, java.version: &apos;17.0.10&apos;
Driver info: org.openqa.selenium.chrome.ChromeDriver
Capabilities {acceptInsecureCerts: false, browserName: chrome, browserVersion: 129.0.6668.90, chrome: {chromedriverVersion: 129.0.6668.100 (cf58cba358d..., userDataDir: C:\Users\KASHYA~1.DAV\AppDa...}, fedcm:accounts: true, goog:chromeOptions: {debuggerAddress: localhost:51089}, javascriptEnabled: true, networkConnectionEnabled: false, pageLoadStrategy: normal, platform: WINDOWS, platformName: WINDOWS, proxy: Proxy(), setWindowRect: true, strictFileInteractability: false, timeouts: {implicit: 0, pageLoad: 300000, script: 30000}, unhandledPromptBehavior: dismiss and notify, webauthn:extension:credBlob: true, webauthn:extension:largeBlob: true, webauthn:extension:minPinLength: true, webauthn:extension:prf: true, webauthn:virtualAuthenticators: true}
Session ID: b4e0faf7a531a4165449f3f06cfef6c6
	at org.openqa.selenium.support.ui.WebDriverWait.timeoutException(WebDriverWait.java:95)
	at org.openqa.selenium.support.ui.FluentWait.until(FluentWait.java:272)
	at common.UtilitiesCommon.waitForElementIsVisible(UtilitiesCommon.java:881)
	at common.UtilitiesCommon.getElement(UtilitiesCommon.java:656)
	at common.UtilitiesCommon.click(UtilitiesCommon.java:774)
	at page.bateel.BateelPage.clickGoButton(BateelPage.java:74)
	at sanity.bateel.SanityBateelProductDetails.testBateelproductfilldetails(SanityBateelProductDetails.java:23)
	at java.base/java.util.ArrayList.forEach(ArrayList.java:1511)
... Removed 27 stack frames
</div> <!-- stack-trace -->
                </div> <!-- method-content -->
              </div> <!-- method -->
            </div> <!-- main-panel-content rounded-window-bottom -->
          </div> <!-- suite-Sanity_Test_Suite-class-failed -->
          <div class="suite-Sanity_Test_Suite-class-failed">
            <div class="main-panel-header rounded-window-top">
              <img src="failed.png"/>
              <span class="class-name">sanity.bateel.SanityBateelCart</span>
            </div> <!-- main-panel-header rounded-window-top -->
            <div class="main-panel-content rounded-window-bottom">
              <div class="method">
                <div class="method-content">
                  <a name="testBateeladdtocartitem">
                  </a> <!-- testBateeladdtocartitem -->
                  <span class="method-name">testBateeladdtocartitem</span>
                  <div class="stack-trace">org.openqa.selenium.TimeoutException: Expected condition failed: waiting for visibility of element located by By.xpath: //button[contains(text(),&apos;Go&apos;)] (tried for 30 second(s) with 500 milliseconds interval)
Build info: version: &apos;3.141.59&apos;, revision: &apos;e82be7d358&apos;, time: &apos;2018-11-14T08:17:03&apos;
System info: host: &apos;KRISH117&apos;, ip: &apos;10.16.16.96&apos;, os.name: &apos;Windows 10&apos;, os.arch: &apos;amd64&apos;, os.version: &apos;10.0&apos;, java.version: &apos;17.0.10&apos;
Driver info: org.openqa.selenium.chrome.ChromeDriver
Capabilities {acceptInsecureCerts: false, browserName: chrome, browserVersion: 129.0.6668.90, chrome: {chromedriverVersion: 129.0.6668.100 (cf58cba358d..., userDataDir: C:\Users\KASHYA~1.DAV\AppDa...}, fedcm:accounts: true, goog:chromeOptions: {debuggerAddress: localhost:49381}, javascriptEnabled: true, networkConnectionEnabled: false, pageLoadStrategy: normal, platform: WINDOWS, platformName: WINDOWS, proxy: Proxy(), setWindowRect: true, strictFileInteractability: false, timeouts: {implicit: 0, pageLoad: 300000, script: 30000}, unhandledPromptBehavior: dismiss and notify, webauthn:extension:credBlob: true, webauthn:extension:largeBlob: true, webauthn:extension:minPinLength: true, webauthn:extension:prf: true, webauthn:virtualAuthenticators: true}
Session ID: 90eee9b54d74465972491cc710886dc4
	at org.openqa.selenium.support.ui.WebDriverWait.timeoutException(WebDriverWait.java:95)
	at org.openqa.selenium.support.ui.FluentWait.until(FluentWait.java:272)
	at common.UtilitiesCommon.waitForElementIsVisible(UtilitiesCommon.java:881)
	at common.UtilitiesCommon.getElement(UtilitiesCommon.java:656)
	at common.UtilitiesCommon.click(UtilitiesCommon.java:774)
	at page.bateel.BateelPage.clickGoButton(BateelPage.java:74)
	at sanity.bateel.SanityBateelCart.testBateeladdtocartitem(SanityBateelCart.java:24)
	at java.base/java.util.ArrayList.forEach(ArrayList.java:1511)
... Removed 27 stack frames
</div> <!-- stack-trace -->
                </div> <!-- method-content -->
              </div> <!-- method -->
            </div> <!-- main-panel-content rounded-window-bottom -->
          </div> <!-- suite-Sanity_Test_Suite-class-failed -->
          <div class="suite-Sanity_Test_Suite-class-passed">
            <div class="main-panel-header rounded-window-top">
              <img src="passed.png"/>
              <span class="class-name">sanity.bateel.SanityBateelFootersection</span>
            </div> <!-- main-panel-header rounded-window-top -->
            <div class="main-panel-content rounded-window-bottom">
              <div class="method">
                <div class="method-content">
                  <a name="FooterPrivacypolicylink">
                  </a> <!-- FooterPrivacypolicylink -->
                  <span class="method-name">FooterPrivacypolicylink</span>
                </div> <!-- method-content -->
              </div> <!-- method -->
              <div class="method">
                <div class="method-content">
                  <a name="Footerlogo">
                  </a> <!-- Footerlogo -->
                  <span class="method-name">Footerlogo</span>
                </div> <!-- method-content -->
              </div> <!-- method -->
              <div class="method">
                <div class="method-content">
                  <a name="FootersocialmediaFacebook">
                  </a> <!-- FootersocialmediaFacebook -->
                  <span class="method-name">FootersocialmediaFacebook</span>
                </div> <!-- method-content -->
              </div> <!-- method -->
              <div class="method">
                <div class="method-content">
                  <a name="FootersocialmediaLinkedin">
                  </a> <!-- FootersocialmediaLinkedin -->
                  <span class="method-name">FootersocialmediaLinkedin</span>
                </div> <!-- method-content -->
              </div> <!-- method -->
              <div class="method">
                <div class="method-content">
                  <a name="FootersocialmediaTwitter">
                  </a> <!-- FootersocialmediaTwitter -->
                  <span class="method-name">FootersocialmediaTwitter</span>
                </div> <!-- method-content -->
              </div> <!-- method -->
            </div> <!-- main-panel-content rounded-window-bottom -->
          </div> <!-- suite-Sanity_Test_Suite-class-passed -->
          <div class="suite-Sanity_Test_Suite-class-passed">
            <div class="main-panel-header rounded-window-top">
              <img src="passed.png"/>
              <span class="class-name">sanity.bateel.SanityBateelLogincheckout</span>
            </div> <!-- main-panel-header rounded-window-top -->
            <div class="main-panel-content rounded-window-bottom">
              <div class="method">
                <div class="method-content">
                  <a name="testBateeladdtocartitemloginuser">
                  </a> <!-- testBateeladdtocartitemloginuser -->
                  <span class="method-name">testBateeladdtocartitemloginuser</span>
                </div> <!-- method-content -->
              </div> <!-- method -->
            </div> <!-- main-panel-content rounded-window-bottom -->
          </div> <!-- suite-Sanity_Test_Suite-class-passed -->
          <div class="suite-Sanity_Test_Suite-class-passed">
            <div class="main-panel-header rounded-window-top">
              <img src="passed.png"/>
              <span class="class-name">sanity.bateel.SanityBateelGuestCheckout</span>
            </div> <!-- main-panel-header rounded-window-top -->
            <div class="main-panel-content rounded-window-bottom">
              <div class="method">
                <div class="method-content">
                  <a name="testguestcheckout">
                  </a> <!-- testguestcheckout -->
                  <span class="method-name">testguestcheckout</span>
                </div> <!-- method-content -->
              </div> <!-- method -->
            </div> <!-- main-panel-content rounded-window-bottom -->
          </div> <!-- suite-Sanity_Test_Suite-class-passed -->
          <div class="suite-Sanity_Test_Suite-class-passed">
            <div class="main-panel-header rounded-window-top">
              <img src="passed.png"/>
              <span class="class-name">sanity.bateel.SanityBateelProduct</span>
            </div> <!-- main-panel-header rounded-window-top -->
            <div class="main-panel-content rounded-window-bottom">
              <div class="method">
                <div class="method-content">
                  <a name="testBateelclickproduct">
                  </a> <!-- testBateelclickproduct -->
                  <span class="method-name">testBateelclickproduct</span>
                </div> <!-- method-content -->
              </div> <!-- method -->
            </div> <!-- main-panel-content rounded-window-bottom -->
          </div> <!-- suite-Sanity_Test_Suite-class-passed -->
          <div class="suite-Sanity_Test_Suite-class-passed">
            <div class="main-panel-header rounded-window-top">
              <img src="passed.png"/>
              <span class="class-name">sanity.bateel.SanityBateelLoginAndNavigationTest</span>
            </div> <!-- main-panel-header rounded-window-top -->
            <div class="main-panel-content rounded-window-bottom">
              <div class="method">
                <div class="method-content">
                  <a name="testBateelShopCategoryNavigation">
                  </a> <!-- testBateelShopCategoryNavigation -->
                  <span class="method-name">testBateelShopCategoryNavigation</span>
                </div> <!-- method-content -->
              </div> <!-- method -->
            </div> <!-- main-panel-content rounded-window-bottom -->
          </div> <!-- suite-Sanity_Test_Suite-class-passed -->
        </div> <!-- panel Sanity_Test_Suite -->
        <div panel-name="test-xml-Sanity_Test_Suite" class="panel">
          <div class="main-panel-header rounded-window-top">
            <span class="header-content">C:\Users\kashyap.dave\eclipse-workspace\BateelKrish-1\Bateel_Automation\src\test\resources\SanityTestSuite.xml</span>
          </div> <!-- main-panel-header rounded-window-top -->
          <div class="main-panel-content rounded-window-bottom">
            <pre>
&lt;?xml version=&quot;1.0&quot; encoding=&quot;UTF-8&quot;?&gt;
&lt;!DOCTYPE suite SYSTEM &quot;https://testng.org/testng-1.0.dtd&quot;&gt;
&lt;suite name=&quot;Sanity Test Suite&quot; guice-stage=&quot;DEVELOPMENT&quot;&gt;
  &lt;test thread-count=&quot;5&quot; name=&quot;Sanity Tests&quot;&gt;
    &lt;parameter name=&quot;environment&quot; value=&quot;QA&quot;/&gt;
    &lt;parameter name=&quot;defaultTimeout&quot; value=&quot;30&quot;/&gt;
    &lt;parameter name=&quot;browser&quot; value=&quot;chrome&quot;/&gt;
    &lt;packages&gt;
      &lt;package name=&quot;sanity.*&quot;/&gt;
    &lt;/packages&gt;
    &lt;classes&gt;
      &lt;class name=&quot;sanity.bateel.SanityBateelCart&quot;/&gt;
      &lt;class name=&quot;sanity.bateel.SanityBateelFootersection&quot;/&gt;
      &lt;class name=&quot;sanity.bateel.SanityBateelGuestCheckout&quot;/&gt;
      &lt;class name=&quot;sanity.bateel.SanityBateelLogin&quot;/&gt;
      &lt;class name=&quot;sanity.bateel.SanityBateelLoginAndNavigationTest&quot;/&gt;
      &lt;class name=&quot;sanity.bateel.SanityBateelLogincheckout&quot;/&gt;
      &lt;class name=&quot;sanity.bateel.SanityBateelMainNavigationmenu&quot;/&gt;
      &lt;class name=&quot;sanity.bateel.SanityBateelProduct&quot;/&gt;
      &lt;class name=&quot;sanity.bateel.SanityBateelProductDetails&quot;/&gt;
    &lt;/classes&gt;
  &lt;/test&gt; &lt;!-- Sanity Tests --&gt;
&lt;/suite&gt; &lt;!-- Sanity Test Suite --&gt;
            </pre>
          </div> <!-- main-panel-content rounded-window-bottom -->
        </div> <!-- panel -->
        <div panel-name="testlist-Sanity_Test_Suite" class="panel">
          <div class="main-panel-header rounded-window-top">
            <span class="header-content">Tests for Sanity Test Suite</span>
          </div> <!-- main-panel-header rounded-window-top -->
          <div class="main-panel-content rounded-window-bottom">
            <ul>
              <li>
                <span class="test-name">Sanity Tests (9 classes)</span>
              </li>
            </ul>
          </div> <!-- main-panel-content rounded-window-bottom -->
        </div> <!-- panel -->
        <div panel-name="group-Sanity_Test_Suite" class="panel">
          <div class="main-panel-header rounded-window-top">
            <span class="header-content">Groups for Sanity Test Suite</span>
          </div> <!-- main-panel-header rounded-window-top -->
          <div class="main-panel-content rounded-window-bottom">
          </div> <!-- main-panel-content rounded-window-bottom -->
        </div> <!-- panel -->
        <div panel-name="times-Sanity_Test_Suite" class="panel">
          <div class="main-panel-header rounded-window-top">
            <span class="header-content">Times for Sanity Test Suite</span>
          </div> <!-- main-panel-header rounded-window-top -->
          <div class="main-panel-content rounded-window-bottom">
            <div class="times-div">
              <script type="text/javascript">
suiteTableInitFunctions.push('tableData_Sanity_Test_Suite');
function tableData_Sanity_Test_Suite() {
var data = new google.visualization.DataTable();
data.addColumn('number', 'Number');
data.addColumn('string', 'Method');
data.addColumn('string', 'Class');
data.addColumn('number', 'Time (ms)');
data.addRows(17);
data.setCell(0, 0, 0)
data.setCell(0, 1, 'testBateeladdtocartitemloginuser')
data.setCell(0, 2, 'sanity.bateel.SanityBateelLogincheckout')
data.setCell(0, 3, 373639);
data.setCell(1, 0, 1)
data.setCell(1, 1, 'testguestcheckout')
data.setCell(1, 2, 'sanity.bateel.SanityBateelGuestCheckout')
data.setCell(1, 3, 303123);
data.setCell(2, 0, 2)
data.setCell(2, 1, 'Footercmslinks')
data.setCell(2, 2, 'sanity.bateel.SanityBateelFootersection')
data.setCell(2, 3, 195193);
data.setCell(3, 0, 3)
data.setCell(3, 1, 'testBateelShopCategoryNavigation')
data.setCell(3, 2, 'sanity.bateel.SanityBateelLoginAndNavigationTest')
data.setCell(3, 3, 165447);
data.setCell(4, 0, 4)
data.setCell(4, 1, 'testBateelclickproduct')
data.setCell(4, 2, 'sanity.bateel.SanityBateelProduct')
data.setCell(4, 3, 136112);
data.setCell(5, 0, 5)
data.setCell(5, 1, 'FootersocialmediaLinkedin')
data.setCell(5, 2, 'sanity.bateel.SanityBateelFootersection')
data.setCell(5, 3, 129326);
data.setCell(6, 0, 6)
data.setCell(6, 1, 'Footersocialmediainstagram')
data.setCell(6, 2, 'sanity.bateel.SanityBateelFootersection')
data.setCell(6, 3, 105631);
data.setCell(7, 0, 7)
data.setCell(7, 1, 'FootersocialmediaTwitter')
data.setCell(7, 2, 'sanity.bateel.SanityBateelFootersection')
data.setCell(7, 3, 97518);
data.setCell(8, 0, 8)
data.setCell(8, 1, 'FootersocialmediaFacebook')
data.setCell(8, 2, 'sanity.bateel.SanityBateelFootersection')
data.setCell(8, 3, 89909);
data.setCell(9, 0, 9)
data.setCell(9, 1, 'FooterPrivacypolicylink')
data.setCell(9, 2, 'sanity.bateel.SanityBateelFootersection')
data.setCell(9, 3, 86360);
data.setCell(10, 0, 10)
data.setCell(10, 1, 'FootersocialmediaYoutube')
data.setCell(10, 2, 'sanity.bateel.SanityBateelFootersection')
data.setCell(10, 3, 76221);
data.setCell(11, 0, 11)
data.setCell(11, 1, 'mainmenu')
data.setCell(11, 2, 'sanity.bateel.SanityBateelMainNavigationmenu')
data.setCell(11, 3, 73223);
data.setCell(12, 0, 12)
data.setCell(12, 1, 'testBateelproductfilldetails')
data.setCell(12, 2, 'sanity.bateel.SanityBateelProductDetails')
data.setCell(12, 3, 69930);
data.setCell(13, 0, 13)
data.setCell(13, 1, 'testBateeladdtocartitem')
data.setCell(13, 2, 'sanity.bateel.SanityBateelCart')
data.setCell(13, 3, 50604);
data.setCell(14, 0, 14)
data.setCell(14, 1, 'FooterTermsandconditionslink')
data.setCell(14, 2, 'sanity.bateel.SanityBateelFootersection')
data.setCell(14, 3, 48722);
data.setCell(15, 0, 15)
data.setCell(15, 1, 'customerlogintest')
data.setCell(15, 2, 'sanity.bateel.SanityBateelLogin')
data.setCell(15, 3, 48280);
data.setCell(16, 0, 16)
data.setCell(16, 1, 'Footerlogo')
data.setCell(16, 2, 'sanity.bateel.SanityBateelFootersection')
data.setCell(16, 3, 25227);
window.suiteTableData['Sanity_Test_Suite']= { tableData: data, tableDiv: 'times-div-Sanity_Test_Suite'}
return data;
}
              </script>
              <span class="suite-total-time">Total running time: 34 minutes</span>
              <div id="times-div-Sanity_Test_Suite">
              </div> <!-- times-div-Sanity_Test_Suite -->
            </div> <!-- times-div -->
          </div> <!-- main-panel-content rounded-window-bottom -->
        </div> <!-- panel -->
        <div panel-name="reporter-Sanity_Test_Suite" class="panel">
          <div class="main-panel-header rounded-window-top">
            <span class="header-content">Reporter output for Sanity Test Suite</span>
          </div> <!-- main-panel-header rounded-window-top -->
          <div class="main-panel-content rounded-window-bottom">
          </div> <!-- main-panel-content rounded-window-bottom -->
        </div> <!-- panel -->
        <div panel-name="ignored-methods-Sanity_Test_Suite" class="panel">
          <div class="main-panel-header rounded-window-top">
            <span class="header-content">0 ignored methods</span>
          </div> <!-- main-panel-header rounded-window-top -->
          <div class="main-panel-content rounded-window-bottom">
          </div> <!-- main-panel-content rounded-window-bottom -->
        </div> <!-- panel -->
        <div panel-name="chronological-Sanity_Test_Suite" class="panel">
          <div class="main-panel-header rounded-window-top">
            <span class="header-content">Methods in chronological order</span>
          </div> <!-- main-panel-header rounded-window-top -->
          <div class="main-panel-content rounded-window-bottom">
            <div class="chronological-class">
              <div class="chronological-class-name">sanity.bateel.SanityBateelCart</div> <!-- chronological-class-name -->
              <div class="test-method">
                <img src="failed.png">
                </img>
                <span class="method-name">testBateeladdtocartitem</span>
                <span class="method-start">0 ms</span>
              </div> <!-- test-method -->
            </div> <!-- chronological-class -->
            <div class="chronological-class">
              <div class="chronological-class-name">sanity.bateel.SanityBateelFootersection</div> <!-- chronological-class-name -->
              <div class="test-method">
                <span class="method-name">FooterPrivacypolicylink</span>
                <span class="method-start">51907 ms</span>
              </div> <!-- test-method -->
              <div class="test-method">
                <img src="failed.png">
                </img>
                <span class="method-name">FooterTermsandconditionslink</span>
                <span class="method-start">138566 ms</span>
              </div> <!-- test-method -->
              <div class="test-method">
                <img src="failed.png">
                </img>
                <span class="method-name">Footercmslinks</span>
                <span class="method-start">188191 ms</span>
              </div> <!-- test-method -->
              <div class="test-method">
                <span class="method-name">Footerlogo</span>
                <span class="method-start">384518 ms</span>
              </div> <!-- test-method -->
              <div class="test-method">
                <span class="method-name">FootersocialmediaFacebook</span>
                <span class="method-start">409859 ms</span>
              </div> <!-- test-method -->
              <div class="test-method">
                <span class="method-name">FootersocialmediaLinkedin</span>
                <span class="method-start">500058 ms</span>
              </div> <!-- test-method -->
              <div class="test-method">
                <span class="method-name">FootersocialmediaTwitter</span>
                <span class="method-start">629867 ms</span>
              </div> <!-- test-method -->
              <div class="test-method">
                <img src="failed.png">
                </img>
                <span class="method-name">FootersocialmediaYoutube</span>
                <span class="method-start">728516 ms</span>
              </div> <!-- test-method -->
              <div class="test-method">
                <img src="failed.png">
                </img>
                <span class="method-name">Footersocialmediainstagram</span>
                <span class="method-start">805201 ms</span>
              </div> <!-- test-method -->
            </div> <!-- chronological-class -->
            <div class="chronological-class">
              <div class="chronological-class-name">sanity.bateel.SanityBateelGuestCheckout</div> <!-- chronological-class-name -->
              <div class="test-method">
                <span class="method-name">testguestcheckout</span>
                <span class="method-start">912332 ms</span>
              </div> <!-- test-method -->
            </div> <!-- chronological-class -->
            <div class="chronological-class">
              <div class="chronological-class-name">sanity.bateel.SanityBateelLogin</div> <!-- chronological-class-name -->
              <div class="test-method">
                <img src="failed.png">
                </img>
                <span class="method-name">customerlogintest</span>
                <span class="method-start">1217370 ms</span>
              </div> <!-- test-method -->
            </div> <!-- chronological-class -->
            <div class="chronological-class">
              <div class="chronological-class-name">sanity.bateel.SanityBateelLoginAndNavigationTest</div> <!-- chronological-class-name -->
              <div class="test-method">
                <span class="method-name">testBateelShopCategoryNavigation</span>
                <span class="method-start">1271157 ms</span>
              </div> <!-- test-method -->
            </div> <!-- chronological-class -->
            <div class="chronological-class">
              <div class="chronological-class-name">sanity.bateel.SanityBateelLogincheckout</div> <!-- chronological-class-name -->
              <div class="test-method">
                <span class="method-name">testBateeladdtocartitemloginuser</span>
                <span class="method-start">1438613 ms</span>
              </div> <!-- test-method -->
            </div> <!-- chronological-class -->
            <div class="chronological-class">
              <div class="chronological-class-name">sanity.bateel.SanityBateelMainNavigationmenu</div> <!-- chronological-class-name -->
              <div class="test-method">
                <img src="failed.png">
                </img>
                <span class="method-name">mainmenu</span>
                <span class="method-start">1814336 ms</span>
              </div> <!-- test-method -->
            </div> <!-- chronological-class -->
            <div class="chronological-class">
              <div class="chronological-class-name">sanity.bateel.SanityBateelProduct</div> <!-- chronological-class-name -->
              <div class="test-method">
                <span class="method-name">testBateelclickproduct</span>
                <span class="method-start">1896498 ms</span>
              </div> <!-- test-method -->
            </div> <!-- chronological-class -->
            <div class="chronological-class">
              <div class="chronological-class-name">sanity.bateel.SanityBateelProductDetails</div> <!-- chronological-class-name -->
              <div class="test-method">
                <img src="failed.png">
                </img>
                <span class="method-name">testBateelproductfilldetails</span>
                <span class="method-start">2038407 ms</span>
              </div> <!-- test-method -->
          </div> <!-- main-panel-content rounded-window-bottom -->
        </div> <!-- panel -->
      </div> <!-- main-panel-root -->
    </div> <!-- wrapper -->
  </body>
<script type="text/javascript" src="testng-reports2.js"></script>
</html>
