<?xml version="1.0" encoding="UTF-8"?>
<testng-results ignored="0" total="16" passed="12" failed="4" skipped="0">
  <reporter-output>
  </reporter-output>
  <suite started-at="2024-09-26T14:01:27 IST" name="Sanity Test Suite" finished-at="2024-09-26T14:19:57 IST" duration-ms="1109950">
    <groups>
    </groups>
    <test started-at="2024-09-26T14:01:27 IST" name="Sanity Tests" finished-at="2024-09-26T14:19:57 IST" duration-ms="1109950">
      <class name="sanity.bateel.SanityBateelLoginAndNavigationTest">
        <test-method signature="testBateelShopCategoryNavigation()[pri:0, instance:sanity.bateel.SanityBateelLoginAndNavigationTest@1ecfcbc9]" started-at="2024-09-26T14:13:14 IST" name="testBateelShopCategoryNavigation" finished-at="2024-09-26T14:13:46 IST" duration-ms="31743" status="PASS">
          <reporter-output>
          </reporter-output>
        </test-method> <!-- testBateelShopCategoryNavigation -->
      </class> <!-- sanity.bateel.SanityBateelLoginAndNavigationTest -->
      <class name="sanity.bateel.SanityBateelFootersection">
        <test-method signature="FooterPrivacypolicylink()[pri:0, instance:sanity.bateel.SanityBateelFootersection@af78c87]" started-at="2024-09-26T14:03:15 IST" name="FooterPrivacypolicylink" finished-at="2024-09-26T14:03:47 IST" duration-ms="31575" status="PASS">
          <reporter-output>
          </reporter-output>
        </test-method> <!-- FooterPrivacypolicylink -->
        <test-method signature="FooterTermsandconditionslink()[pri:0, instance:sanity.bateel.SanityBateelFootersection@af78c87]" started-at="2024-09-26T14:03:47 IST" name="FooterTermsandconditionslink" finished-at="2024-09-26T14:04:23 IST" duration-ms="35914" status="FAIL">
          <exception class="java.lang.AssertionError">
            <message>
              <![CDATA[Terms and conditions page title is not proper expected [Terms & Conditions | Bateel] but found [Luxury Gourmet Dates & Gift Boxes | Organic Dates | Bateel]]]>
            </message>
            <full-stacktrace>
              <![CDATA[java.lang.AssertionError: Terms and conditions page title is not proper expected [Terms & Conditions | Bateel] but found [Luxury Gourmet Dates & Gift Boxes | Organic Dates | Bateel]
at org.testng.Assert.fail(Assert.java:99)
at org.testng.Assert.failNotEquals(Assert.java:1037)
at org.testng.Assert.assertEqualsImpl(Assert.java:140)
at org.testng.Assert.assertEquals(Assert.java:122)
at org.testng.Assert.assertEquals(Assert.java:629)
at page.bateel.BateelFooter.footertermsandconditionslinkcheck(BateelFooter.java:159)
at sanity.bateel.SanityBateelFootersection.FooterTermsandconditionslink(SanityBateelFootersection.java:129)
at java.base/jdk.internal.reflect.NativeMethodAccessorImpl.invoke0(Native Method)
at java.base/jdk.internal.reflect.NativeMethodAccessorImpl.invoke(NativeMethodAccessorImpl.java:77)
at java.base/jdk.internal.reflect.DelegatingMethodAccessorImpl.invoke(DelegatingMethodAccessorImpl.java:43)
at java.base/java.lang.reflect.Method.invoke(Method.java:568)
at org.testng.internal.MethodInvocationHelper.invokeMethod(MethodInvocationHelper.java:133)
at org.testng.internal.TestInvoker.invokeMethod(TestInvoker.java:598)
at org.testng.internal.TestInvoker.invokeTestMethod(TestInvoker.java:173)
at org.testng.internal.MethodRunner.runInSequence(MethodRunner.java:46)
at org.testng.internal.TestInvoker$MethodInvocationAgent.invoke(TestInvoker.java:824)
at org.testng.internal.TestInvoker.invokeTestMethods(TestInvoker.java:146)
at org.testng.internal.TestMethodWorker.invokeTestMethods(TestMethodWorker.java:146)
at org.testng.internal.TestMethodWorker.run(TestMethodWorker.java:128)
at java.base/java.util.ArrayList.forEach(ArrayList.java:1511)
at org.testng.TestRunner.privateRun(TestRunner.java:794)
at org.testng.TestRunner.run(TestRunner.java:596)
at org.testng.SuiteRunner.runTest(SuiteRunner.java:377)
at org.testng.SuiteRunner.runSequentially(SuiteRunner.java:371)
at org.testng.SuiteRunner.privateRun(SuiteRunner.java:332)
at org.testng.SuiteRunner.run(SuiteRunner.java:276)
at org.testng.SuiteRunnerWorker.runSuite(SuiteRunnerWorker.java:53)
at org.testng.SuiteRunnerWorker.run(SuiteRunnerWorker.java:96)
at org.testng.TestNG.runSuitesSequentially(TestNG.java:1212)
at org.testng.TestNG.runSuitesLocally(TestNG.java:1134)
at org.testng.TestNG.runSuites(TestNG.java:1063)
at org.testng.TestNG.run(TestNG.java:1031)
at org.testng.remote.AbstractRemoteTestNG.run(AbstractRemoteTestNG.java:115)
at org.testng.remote.RemoteTestNG.initAndRun(RemoteTestNG.java:251)
at org.testng.remote.RemoteTestNG.main(RemoteTestNG.java:77)
]]>
            </full-stacktrace>
          </exception> <!-- java.lang.AssertionError -->
          <reporter-output>
          </reporter-output>
        </test-method> <!-- FooterTermsandconditionslink -->
        <test-method signature="Footercmslinks()[pri:0, instance:sanity.bateel.SanityBateelFootersection@af78c87]" started-at="2024-09-26T14:04:25 IST" name="Footercmslinks" finished-at="2024-09-26T14:05:53 IST" duration-ms="88569" status="PASS">
          <reporter-output>
          </reporter-output>
        </test-method> <!-- Footercmslinks -->
        <test-method signature="Footerlogo()[pri:0, instance:sanity.bateel.SanityBateelFootersection@af78c87]" started-at="2024-09-26T14:05:54 IST" name="Footerlogo" finished-at="2024-09-26T14:06:13 IST" duration-ms="19711" status="PASS">
          <reporter-output>
          </reporter-output>
        </test-method> <!-- Footerlogo -->
        <test-method signature="FootersocialmediaFacebook()[pri:0, instance:sanity.bateel.SanityBateelFootersection@af78c87]" started-at="2024-09-26T14:06:14 IST" name="FootersocialmediaFacebook" finished-at="2024-09-26T14:07:02 IST" duration-ms="47966" status="PASS">
          <reporter-output>
          </reporter-output>
        </test-method> <!-- FootersocialmediaFacebook -->
        <test-method signature="FootersocialmediaLinkedin()[pri:0, instance:sanity.bateel.SanityBateelFootersection@af78c87]" started-at="2024-09-26T14:07:02 IST" name="FootersocialmediaLinkedin" finished-at="2024-09-26T14:07:46 IST" duration-ms="44672" status="PASS">
          <reporter-output>
          </reporter-output>
        </test-method> <!-- FootersocialmediaLinkedin -->
        <test-method signature="FootersocialmediaTwitter()[pri:0, instance:sanity.bateel.SanityBateelFootersection@af78c87]" started-at="2024-09-26T14:07:47 IST" name="FootersocialmediaTwitter" finished-at="2024-09-26T14:08:33 IST" duration-ms="46290" status="PASS">
          <reporter-output>
          </reporter-output>
        </test-method> <!-- FootersocialmediaTwitter -->
        <test-method signature="FootersocialmediaYoutube()[pri:0, instance:sanity.bateel.SanityBateelFootersection@af78c87]" started-at="2024-09-26T14:08:34 IST" name="FootersocialmediaYoutube" finished-at="2024-09-26T14:09:19 IST" duration-ms="44991" status="FAIL">
          <exception class="java.lang.AssertionError">
            <message>
              <![CDATA[Youtube page title missmatch expected [Bateel International - YouTube] but found [Privacy error]]]>
            </message>
            <full-stacktrace>
              <![CDATA[java.lang.AssertionError: Youtube page title missmatch expected [Bateel International - YouTube] but found [Privacy error]
at org.testng.Assert.fail(Assert.java:99)
at org.testng.Assert.failNotEquals(Assert.java:1037)
at org.testng.Assert.assertEqualsImpl(Assert.java:140)
at org.testng.Assert.assertEquals(Assert.java:122)
at org.testng.Assert.assertEquals(Assert.java:629)
at page.bateel.BateelFooter.footeryoutubelinkcheck(BateelFooter.java:145)
at sanity.bateel.SanityBateelFootersection.FootersocialmediaYoutube(SanityBateelFootersection.java:114)
at java.base/jdk.internal.reflect.NativeMethodAccessorImpl.invoke0(Native Method)
at java.base/jdk.internal.reflect.NativeMethodAccessorImpl.invoke(NativeMethodAccessorImpl.java:77)
at java.base/jdk.internal.reflect.DelegatingMethodAccessorImpl.invoke(DelegatingMethodAccessorImpl.java:43)
at java.base/java.lang.reflect.Method.invoke(Method.java:568)
at org.testng.internal.MethodInvocationHelper.invokeMethod(MethodInvocationHelper.java:133)
at org.testng.internal.TestInvoker.invokeMethod(TestInvoker.java:598)
at org.testng.internal.TestInvoker.invokeTestMethod(TestInvoker.java:173)
at org.testng.internal.MethodRunner.runInSequence(MethodRunner.java:46)
at org.testng.internal.TestInvoker$MethodInvocationAgent.invoke(TestInvoker.java:824)
at org.testng.internal.TestInvoker.invokeTestMethods(TestInvoker.java:146)
at org.testng.internal.TestMethodWorker.invokeTestMethods(TestMethodWorker.java:146)
at org.testng.internal.TestMethodWorker.run(TestMethodWorker.java:128)
at java.base/java.util.ArrayList.forEach(ArrayList.java:1511)
at org.testng.TestRunner.privateRun(TestRunner.java:794)
at org.testng.TestRunner.run(TestRunner.java:596)
at org.testng.SuiteRunner.runTest(SuiteRunner.java:377)
at org.testng.SuiteRunner.runSequentially(SuiteRunner.java:371)
at org.testng.SuiteRunner.privateRun(SuiteRunner.java:332)
at org.testng.SuiteRunner.run(SuiteRunner.java:276)
at org.testng.SuiteRunnerWorker.runSuite(SuiteRunnerWorker.java:53)
at org.testng.SuiteRunnerWorker.run(SuiteRunnerWorker.java:96)
at org.testng.TestNG.runSuitesSequentially(TestNG.java:1212)
at org.testng.TestNG.runSuitesLocally(TestNG.java:1134)
at org.testng.TestNG.runSuites(TestNG.java:1063)
at org.testng.TestNG.run(TestNG.java:1031)
at org.testng.remote.AbstractRemoteTestNG.run(AbstractRemoteTestNG.java:115)
at org.testng.remote.RemoteTestNG.initAndRun(RemoteTestNG.java:251)
at org.testng.remote.RemoteTestNG.main(RemoteTestNG.java:77)
]]>
            </full-stacktrace>
          </exception> <!-- java.lang.AssertionError -->
          <reporter-output>
          </reporter-output>
        </test-method> <!-- FootersocialmediaYoutube -->
        <test-method signature="Footersocialmediainstagram()[pri:0, instance:sanity.bateel.SanityBateelFootersection@af78c87]" started-at="2024-09-26T14:09:19 IST" name="Footersocialmediainstagram" finished-at="2024-09-26T14:10:13 IST" duration-ms="53772" status="PASS">
          <reporter-output>
          </reporter-output>
        </test-method> <!-- Footersocialmediainstagram -->
      </class> <!-- sanity.bateel.SanityBateelFootersection -->
      <class name="sanity.bateel.SanityBateelLogincheckout">
        <test-method signature="testBateeladdtocartitemloginuser()[pri:0, instance:sanity.bateel.SanityBateelLogincheckout@1965539b]" started-at="2024-09-26T14:13:46 IST" name="testBateeladdtocartitemloginuser" finished-at="2024-09-26T14:16:26 IST" duration-ms="160015" status="FAIL">
          <exception class="org.openqa.selenium.TimeoutException">
            <message>
              <![CDATA[Expected condition failed: waiting for visibility of element located by By.xpath: //*[@id="checkout-payment-method-load"]/div/div/div[2]/div[2]/div[4]/div/button (tried for 30 second(s) with 500 milliseconds interval)]]>
            </message>
            <full-stacktrace>
              <![CDATA[org.openqa.selenium.TimeoutException: Expected condition failed: waiting for visibility of element located by By.xpath: //*[@id="checkout-payment-method-load"]/div/div/div[2]/div[2]/div[4]/div/button (tried for 30 second(s) with 500 milliseconds interval)
at org.openqa.selenium.support.ui.WebDriverWait.timeoutException(WebDriverWait.java:95)
at org.openqa.selenium.support.ui.FluentWait.until(FluentWait.java:272)
at common.UtilitiesCommon.waitForElementIsVisible(UtilitiesCommon.java:874)
at common.UtilitiesCommon.getElement(UtilitiesCommon.java:638)
at common.UtilitiesCommon.click(UtilitiesCommon.java:762)
at page.bateel.BateelLoginCheckoutPage.clickPlaceOrderButtonWithLogin(BateelLoginCheckoutPage.java:72)
at sanity.bateel.SanityBateelLogincheckout.testBateeladdtocartitemloginuser(SanityBateelLogincheckout.java:44)
at java.base/jdk.internal.reflect.NativeMethodAccessorImpl.invoke0(Native Method)
at java.base/jdk.internal.reflect.NativeMethodAccessorImpl.invoke(NativeMethodAccessorImpl.java:77)
at java.base/jdk.internal.reflect.DelegatingMethodAccessorImpl.invoke(DelegatingMethodAccessorImpl.java:43)
at java.base/java.lang.reflect.Method.invoke(Method.java:568)
at org.testng.internal.MethodInvocationHelper.invokeMethod(MethodInvocationHelper.java:133)
at org.testng.internal.TestInvoker.invokeMethod(TestInvoker.java:598)
at org.testng.internal.TestInvoker.invokeTestMethod(TestInvoker.java:173)
at org.testng.internal.MethodRunner.runInSequence(MethodRunner.java:46)
at org.testng.internal.TestInvoker$MethodInvocationAgent.invoke(TestInvoker.java:824)
at org.testng.internal.TestInvoker.invokeTestMethods(TestInvoker.java:146)
at org.testng.internal.TestMethodWorker.invokeTestMethods(TestMethodWorker.java:146)
at org.testng.internal.TestMethodWorker.run(TestMethodWorker.java:128)
at java.base/java.util.ArrayList.forEach(ArrayList.java:1511)
at org.testng.TestRunner.privateRun(TestRunner.java:794)
at org.testng.TestRunner.run(TestRunner.java:596)
at org.testng.SuiteRunner.runTest(SuiteRunner.java:377)
at org.testng.SuiteRunner.runSequentially(SuiteRunner.java:371)
at org.testng.SuiteRunner.privateRun(SuiteRunner.java:332)
at org.testng.SuiteRunner.run(SuiteRunner.java:276)
at org.testng.SuiteRunnerWorker.runSuite(SuiteRunnerWorker.java:53)
at org.testng.SuiteRunnerWorker.run(SuiteRunnerWorker.java:96)
at org.testng.TestNG.runSuitesSequentially(TestNG.java:1212)
at org.testng.TestNG.runSuitesLocally(TestNG.java:1134)
at org.testng.TestNG.runSuites(TestNG.java:1063)
at org.testng.TestNG.run(TestNG.java:1031)
at org.testng.remote.AbstractRemoteTestNG.run(AbstractRemoteTestNG.java:115)
at org.testng.remote.RemoteTestNG.initAndRun(RemoteTestNG.java:251)
at org.testng.remote.RemoteTestNG.main(RemoteTestNG.java:77)
Caused by: org.openqa.selenium.NoSuchElementException: no such element: Unable to locate element: {"method":"xpath","selector":"//*[@id="checkout-payment-method-load"]/div/div/div[2]/div[2]/div[4]/div/button"}
  (Session info: chrome=129.0.6668.70)
For documentation on this error, please visit: https://www.seleniumhq.org/exceptions/no_such_element.html
Build info: version: '3.141.59', revision: 'e82be7d358', time: '2018-11-14T08:17:03'
System info: host: 'KRISH117', ip: '10.16.16.96', os.name: 'Windows 10', os.arch: 'amd64', os.version: '10.0', java.version: '17.0.10'
Driver info: org.openqa.selenium.chrome.ChromeDriver
Capabilities {acceptInsecureCerts: false, browserName: chrome, browserVersion: 129.0.6668.70, chrome: {chromedriverVersion: 129.0.6668.70 (df87d5cf12b1..., userDataDir: C:\Users\KASHYA~1.DAV\AppDa...}, fedcm:accounts: true, goog:chromeOptions: {debuggerAddress: localhost:64429}, javascriptEnabled: true, networkConnectionEnabled: false, pageLoadStrategy: normal, platform: WINDOWS, platformName: WINDOWS, proxy: Proxy(), setWindowRect: true, strictFileInteractability: false, timeouts: {implicit: 0, pageLoad: 300000, script: 30000}, unhandledPromptBehavior: dismiss and notify, webauthn:extension:credBlob: true, webauthn:extension:largeBlob: true, webauthn:extension:minPinLength: true, webauthn:extension:prf: true, webauthn:virtualAuthenticators: true}
Session ID: e082e93bb9f4a505acd0ca2715792150
*** Element info: {Using=xpath, value=//*[@id="checkout-payment-method-load"]/div/div/div[2]/div[2]/div[4]/div/button}
at jdk.internal.reflect.GeneratedConstructorAccessor22.newInstance(Unknown Source)
at java.base/jdk.internal.reflect.DelegatingConstructorAccessorImpl.newInstance(DelegatingConstructorAccessorImpl.java:45)
at java.base/java.lang.reflect.Constructor.newInstanceWithCaller(Constructor.java:499)
at java.base/java.lang.reflect.Constructor.newInstance(Constructor.java:480)
at org.openqa.selenium.remote.http.W3CHttpResponseCodec.createException(W3CHttpResponseCodec.java:187)
at org.openqa.selenium.remote.http.W3CHttpResponseCodec.decode(W3CHttpResponseCodec.java:122)
at org.openqa.selenium.remote.http.W3CHttpResponseCodec.decode(W3CHttpResponseCodec.java:49)
at org.openqa.selenium.remote.HttpCommandExecutor.execute(HttpCommandExecutor.java:158)
at org.openqa.selenium.remote.service.DriverCommandExecutor.execute(DriverCommandExecutor.java:83)
at org.openqa.selenium.remote.RemoteWebDriver.execute(RemoteWebDriver.java:552)
at org.openqa.selenium.remote.RemoteWebDriver.findElement(RemoteWebDriver.java:323)
at org.openqa.selenium.remote.RemoteWebDriver.findElementByXPath(RemoteWebDriver.java:428)
at org.openqa.selenium.By$ByXPath.findElement(By.java:353)
at org.openqa.selenium.remote.RemoteWebDriver.findElement(RemoteWebDriver.java:315)
at org.openqa.selenium.support.ui.ExpectedConditions$7.apply(ExpectedConditions.java:205)
at org.openqa.selenium.support.ui.ExpectedConditions$7.apply(ExpectedConditions.java:201)
at org.openqa.selenium.support.ui.FluentWait.until(FluentWait.java:249)
... 33 more
]]>
            </full-stacktrace>
          </exception> <!-- org.openqa.selenium.TimeoutException -->
          <reporter-output>
          </reporter-output>
        </test-method> <!-- testBateeladdtocartitemloginuser -->
      </class> <!-- sanity.bateel.SanityBateelLogincheckout -->
      <class name="sanity.bateel.SanityBateelCart">
        <test-method signature="testBateeladdtocartitem()[pri:0, instance:sanity.bateel.SanityBateelCart@73a00e09]" started-at="2024-09-26T14:01:30 IST" name="testBateeladdtocartitem" finished-at="2024-09-26T14:03:14 IST" duration-ms="104245" status="PASS">
          <reporter-output>
          </reporter-output>
        </test-method> <!-- testBateeladdtocartitem -->
      </class> <!-- sanity.bateel.SanityBateelCart -->
      <class name="sanity.bateel.SanityBateelGuestCheckout">
        <test-method signature="testguestcheckout()[pri:0, instance:sanity.bateel.SanityBateelGuestCheckout@773dab28]" started-at="2024-09-26T14:10:13 IST" name="testguestcheckout" finished-at="2024-09-26T14:13:13 IST" duration-ms="180015" status="PASS">
          <reporter-output>
          </reporter-output>
        </test-method> <!-- testguestcheckout -->
      </class> <!-- sanity.bateel.SanityBateelGuestCheckout -->
      <class name="sanity.bateel.SanityBateelProductDetails">
        <test-method signature="testBateelproductfilldetails()[pri:0, instance:sanity.bateel.SanityBateelProductDetails@55cff952]" started-at="2024-09-26T14:19:05 IST" name="testBateelproductfilldetails" finished-at="2024-09-26T14:19:56 IST" duration-ms="51016" status="PASS">
          <reporter-output>
          </reporter-output>
        </test-method> <!-- testBateelproductfilldetails -->
      </class> <!-- sanity.bateel.SanityBateelProductDetails -->
      <class name="sanity.bateel.SanityBateelMainNavigationmenu">
        <test-method signature="mainmenu()[pri:0, instance:sanity.bateel.SanityBateelMainNavigationmenu@2fc07784]" started-at="2024-09-26T14:16:27 IST" name="mainmenu" finished-at="2024-09-26T14:18:27 IST" duration-ms="119636" status="FAIL">
          <exception class="org.openqa.selenium.ElementClickInterceptedException">
            <message>
              <![CDATA[element click intercepted: Element is not clickable at point (321, 602)
  (Session info: chrome=129.0.6668.70)
Build info: version: '3.141.59', revision: 'e82be7d358', time: '2018-11-14T08:17:03'
System info: host: 'KRISH117', ip: '10.16.16.96', os.name: 'Windows 10', os.arch: 'amd64', os.version: '10.0', java.version: '17.0.10'
Driver info: org.openqa.selenium.chrome.ChromeDriver
Capabilities {acceptInsecureCerts: false, browserName: chrome, browserVersion: 129.0.6668.70, chrome: {chromedriverVersion: 129.0.6668.70 (df87d5cf12b1..., userDataDir: C:\Users\KASHYA~1.DAV\AppDa...}, fedcm:accounts: true, goog:chromeOptions: {debuggerAddress: localhost:64654}, javascriptEnabled: true, networkConnectionEnabled: false, pageLoadStrategy: normal, platform: WINDOWS, platformName: WINDOWS, proxy: Proxy(), setWindowRect: true, strictFileInteractability: false, timeouts: {implicit: 0, pageLoad: 300000, script: 30000}, unhandledPromptBehavior: dismiss and notify, webauthn:extension:credBlob: true, webauthn:extension:largeBlob: true, webauthn:extension:minPinLength: true, webauthn:extension:prf: true, webauthn:virtualAuthenticators: true}
Session ID: 8e6cf5c549fa22d9aff945eeffcf490b]]>
            </message>
            <full-stacktrace>
              <![CDATA[org.openqa.selenium.ElementClickInterceptedException: element click intercepted: Element is not clickable at point (321, 602)
  (Session info: chrome=129.0.6668.70)
Build info: version: '3.141.59', revision: 'e82be7d358', time: '2018-11-14T08:17:03'
System info: host: 'KRISH117', ip: '10.16.16.96', os.name: 'Windows 10', os.arch: 'amd64', os.version: '10.0', java.version: '17.0.10'
Driver info: org.openqa.selenium.chrome.ChromeDriver
Capabilities {acceptInsecureCerts: false, browserName: chrome, browserVersion: 129.0.6668.70, chrome: {chromedriverVersion: 129.0.6668.70 (df87d5cf12b1..., userDataDir: C:\Users\KASHYA~1.DAV\AppDa...}, fedcm:accounts: true, goog:chromeOptions: {debuggerAddress: localhost:64654}, javascriptEnabled: true, networkConnectionEnabled: false, pageLoadStrategy: normal, platform: WINDOWS, platformName: WINDOWS, proxy: Proxy(), setWindowRect: true, strictFileInteractability: false, timeouts: {implicit: 0, pageLoad: 300000, script: 30000}, unhandledPromptBehavior: dismiss and notify, webauthn:extension:credBlob: true, webauthn:extension:largeBlob: true, webauthn:extension:minPinLength: true, webauthn:extension:prf: true, webauthn:virtualAuthenticators: true}
Session ID: 8e6cf5c549fa22d9aff945eeffcf490b
at java.base/jdk.internal.reflect.NativeConstructorAccessorImpl.newInstance0(Native Method)
at java.base/jdk.internal.reflect.NativeConstructorAccessorImpl.newInstance(NativeConstructorAccessorImpl.java:77)
at java.base/jdk.internal.reflect.DelegatingConstructorAccessorImpl.newInstance(DelegatingConstructorAccessorImpl.java:45)
at java.base/java.lang.reflect.Constructor.newInstanceWithCaller(Constructor.java:499)
at java.base/java.lang.reflect.Constructor.newInstance(Constructor.java:480)
at org.openqa.selenium.remote.http.W3CHttpResponseCodec.createException(W3CHttpResponseCodec.java:187)
at org.openqa.selenium.remote.http.W3CHttpResponseCodec.decode(W3CHttpResponseCodec.java:122)
at org.openqa.selenium.remote.http.W3CHttpResponseCodec.decode(W3CHttpResponseCodec.java:49)
at org.openqa.selenium.remote.HttpCommandExecutor.execute(HttpCommandExecutor.java:158)
at org.openqa.selenium.remote.service.DriverCommandExecutor.execute(DriverCommandExecutor.java:83)
at org.openqa.selenium.remote.RemoteWebDriver.execute(RemoteWebDriver.java:552)
at org.openqa.selenium.remote.RemoteWebElement.execute(RemoteWebElement.java:285)
at org.openqa.selenium.remote.RemoteWebElement.click(RemoteWebElement.java:84)
at page.bateel.BateelHeader.Verifymenucategorylinks(BateelHeader.java:21)
at sanity.bateel.SanityBateelMainNavigationmenu.mainmenu(SanityBateelMainNavigationmenu.java:26)
at java.base/jdk.internal.reflect.NativeMethodAccessorImpl.invoke0(Native Method)
at java.base/jdk.internal.reflect.NativeMethodAccessorImpl.invoke(NativeMethodAccessorImpl.java:77)
at java.base/jdk.internal.reflect.DelegatingMethodAccessorImpl.invoke(DelegatingMethodAccessorImpl.java:43)
at java.base/java.lang.reflect.Method.invoke(Method.java:568)
at org.testng.internal.MethodInvocationHelper.invokeMethod(MethodInvocationHelper.java:133)
at org.testng.internal.TestInvoker.invokeMethod(TestInvoker.java:598)
at org.testng.internal.TestInvoker.invokeTestMethod(TestInvoker.java:173)
at org.testng.internal.MethodRunner.runInSequence(MethodRunner.java:46)
at org.testng.internal.TestInvoker$MethodInvocationAgent.invoke(TestInvoker.java:824)
at org.testng.internal.TestInvoker.invokeTestMethods(TestInvoker.java:146)
at org.testng.internal.TestMethodWorker.invokeTestMethods(TestMethodWorker.java:146)
at org.testng.internal.TestMethodWorker.run(TestMethodWorker.java:128)
at java.base/java.util.ArrayList.forEach(ArrayList.java:1511)
at org.testng.TestRunner.privateRun(TestRunner.java:794)
at org.testng.TestRunner.run(TestRunner.java:596)
at org.testng.SuiteRunner.runTest(SuiteRunner.java:377)
at org.testng.SuiteRunner.runSequentially(SuiteRunner.java:371)
at org.testng.SuiteRunner.privateRun(SuiteRunner.java:332)
at org.testng.SuiteRunner.run(SuiteRunner.java:276)
at org.testng.SuiteRunnerWorker.runSuite(SuiteRunnerWorker.java:53)
at org.testng.SuiteRunnerWorker.run(SuiteRunnerWorker.java:96)
at org.testng.TestNG.runSuitesSequentially(TestNG.java:1212)
at org.testng.TestNG.runSuitesLocally(TestNG.java:1134)
at org.testng.TestNG.runSuites(TestNG.java:1063)
at org.testng.TestNG.run(TestNG.java:1031)
at org.testng.remote.AbstractRemoteTestNG.run(AbstractRemoteTestNG.java:115)
at org.testng.remote.RemoteTestNG.initAndRun(RemoteTestNG.java:251)
at org.testng.remote.RemoteTestNG.main(RemoteTestNG.java:77)
]]>
            </full-stacktrace>
          </exception> <!-- org.openqa.selenium.ElementClickInterceptedException -->
          <reporter-output>
          </reporter-output>
        </test-method> <!-- mainmenu -->
      </class> <!-- sanity.bateel.SanityBateelMainNavigationmenu -->
      <class name="sanity.bateel.SanityBateelProduct">
        <test-method signature="testBateelclickproduct()[pri:0, instance:sanity.bateel.SanityBateelProduct@353efdbf]" started-at="2024-09-26T14:18:28 IST" name="testBateelclickproduct" finished-at="2024-09-26T14:19:05 IST" duration-ms="37346" status="PASS">
          <reporter-output>
          </reporter-output>
        </test-method> <!-- testBateelclickproduct -->
      </class> <!-- sanity.bateel.SanityBateelProduct -->
    </test> <!-- Sanity Tests -->
  </suite> <!-- Sanity Test Suite -->
</testng-results>
